# JRE version: Java(TM) SE Runtime Environment (8.0_77-b03) (build 1.8.0_77-b03)
# Java VM: Java HotSpot(TM) 64-Bit Server VM (25.77-b03 mixed mode windows-amd64 compressed oops)
Heap:
 PSYoungGen      total 96768K, used 32981K [0x00000000e0000000, 0x00000000e6c00000, 0x0000000100000000)
  eden space 87040K, 27% used [0x00000000e0000000,0x00000000e17582e8,0x00000000e5500000)
  from space 9728K, 93% used [0x00000000e5f80000,0x00000000e685d498,0x00000000e6900000)
  to   space 10752K, 0% used [0x00000000e5500000,0x00000000e5500000,0x00000000e5f80000)
 ParOldGen       total 66560K, used 20417K [0x00000000a0000000, 0x00000000a4100000, 0x00000000e0000000)
  object space 66560K, 30% used [0x00000000a0000000,0x00000000a13f0530,0x00000000a4100000)
 Metaspace       used 46938K, capacity 48474K, committed 48640K, reserved 1091584K
  class space    used 6494K, capacity 6891K, committed 6912K, reserved 1048576K
GC Heap History (10 events):
Event: 25.865 GC heap before
{Heap before GC invocations=14 (full 1):
 PSYoungGen      total 56832K, used 52210K [0x00000000e0000000, 0x00000000e4000000, 0x0000000100000000)
  eden space 49152K, 100% used [0x00000000e0000000,0x00000000e3000000,0x00000000e3000000)
  from space 7680K, 39% used [0x00000000e3880000,0x00000000e3b7ca48,0x00000000e4000000)
  to   space 8192K, 0% used [0x00000000e3000000,0x00000000e3000000,0x00000000e3800000)
 ParOldGen       total 40448K, used 10735K [0x00000000a0000000, 0x00000000a2780000, 0x00000000e0000000)
  object space 40448K, 26% used [0x00000000a0000000,0x00000000a0a7bda8,0x00000000a2780000)
 Metaspace       used 33721K, capacity 34616K, committed 34816K, reserved 1079296K
  class space    used 4765K, capacity 4993K, committed 5120K, reserved 1048576K
Event: 25.882 GC heap after
Heap after GC invocations=14 (full 1):
 PSYoungGen      total 57344K, used 4843K [0x00000000e0000000, 0x00000000e5580000, 0x0000000100000000)
  eden space 49152K, 0% used [0x00000000e0000000,0x00000000e0000000,0x00000000e3000000)
  from space 8192K, 59% used [0x00000000e3000000,0x00000000e34baf38,0x00000000e3800000)
  to   space 8192K, 0% used [0x00000000e4d80000,0x00000000e4d80000,0x00000000e5580000)
 ParOldGen       total 40448K, used 12251K [0x00000000a0000000, 0x00000000a2780000, 0x00000000e0000000)
  object space 40448K, 30% used [0x00000000a0000000,0x00000000a0bf6e08,0x00000000a2780000)
 Metaspace       used 33721K, capacity 34616K, committed 34816K, reserved 1079296K
  class space    used 4765K, capacity 4993K, committed 5120K, reserved 1048576K
}
Event: 26.199 GC heap before
{Heap before GC invocations=15 (full 1):
 PSYoungGen      total 57344K, used 20209K [0x00000000e0000000, 0x00000000e5580000, 0x0000000100000000)
  eden space 49152K, 31% used [0x00000000e0000000,0x00000000e0f016e0,0x00000000e3000000)
  from space 8192K, 59% used [0x00000000e3000000,0x00000000e34baf38,0x00000000e3800000)
  to   space 8192K, 0% used [0x00000000e4d80000,0x00000000e4d80000,0x00000000e5580000)
 ParOldGen       total 40448K, used 12251K [0x00000000a0000000, 0x00000000a2780000, 0x00000000e0000000)
  object space 40448K, 30% used [0x00000000a0000000,0x00000000a0bf6e08,0x00000000a2780000)
 Metaspace       used 34545K, capacity 35472K, committed 35496K, reserved 1079296K
  class space    used 4879K, capacity 5100K, committed 5120K, reserved 1048576K
Event: 26.205 GC heap after
Heap after GC invocations=15 (full 1):
 PSYoungGen      total 79360K, used 1284K [0x00000000e0000000, 0x00000000e5700000, 0x0000000100000000)
  eden space 71168K, 0% used [0x00000000e0000000,0x00000000e0000000,0x00000000e4580000)
  from space 8192K, 15% used [0x00000000e4d80000,0x00000000e4ec1310,0x00000000e5580000)
  to   space 8192K, 0% used [0x00000000e4580000,0x00000000e4580000,0x00000000e4d80000)
 ParOldGen       total 40448K, used 14815K [0x00000000a0000000, 0x00000000a2780000, 0x00000000e0000000)
  object space 40448K, 36% used [0x00000000a0000000,0x00000000a0e77e18,0x00000000a2780000)
 Metaspace       used 34545K, capacity 35472K, committed 35496K, reserved 1079296K
  class space    used 4879K, capacity 5100K, committed 5120K, reserved 1048576K
}
Event: 26.205 GC heap before
{Heap before GC invocations=16 (full 2):
 PSYoungGen      total 79360K, used 1284K [0x00000000e0000000, 0x00000000e5700000, 0x0000000100000000)
  eden space 71168K, 0% used [0x00000000e0000000,0x00000000e0000000,0x00000000e4580000)
  from space 8192K, 15% used [0x00000000e4d80000,0x00000000e4ec1310,0x00000000e5580000)
  to   space 8192K, 0% used [0x00000000e4580000,0x00000000e4580000,0x00000000e4d80000)
 ParOldGen       total 40448K, used 14815K [0x00000000a0000000, 0x00000000a2780000, 0x00000000e0000000)
  object space 40448K, 36% used [0x00000000a0000000,0x00000000a0e77e18,0x00000000a2780000)
 Metaspace       used 34545K, capacity 35472K, committed 35496K, reserved 1079296K
  class space    used 4879K, capacity 5100K, committed 5120K, reserved 1048576K
Event: 26.386 GC heap after
Heap after GC invocations=16 (full 2):
 PSYoungGen      total 79360K, used 0K [0x00000000e0000000, 0x00000000e5700000, 0x0000000100000000)
  eden space 71168K, 0% used [0x00000000e0000000,0x00000000e0000000,0x00000000e4580000)
  from space 8192K, 0% used [0x00000000e4d80000,0x00000000e4d80000,0x00000000e5580000)
  to   space 8192K, 0% used [0x00000000e4580000,0x00000000e4580000,0x00000000e4d80000)
 ParOldGen       total 66560K, used 15384K [0x00000000a0000000, 0x00000000a4100000, 0x00000000e0000000)
  object space 66560K, 23% used [0x00000000a0000000,0x00000000a0f062d0,0x00000000a4100000)
 Metaspace       used 34545K, capacity 35472K, committed 35496K, reserved 1079296K
  class space    used 4879K, capacity 5100K, committed 5120K, reserved 1048576K
}
Event: 31.068 GC heap before
{Heap before GC invocations=17 (full 2):
 PSYoungGen      total 79360K, used 71168K [0x00000000e0000000, 0x00000000e5700000, 0x0000000100000000)
  eden space 71168K, 100% used [0x00000000e0000000,0x00000000e4580000,0x00000000e4580000)
  from space 8192K, 0% used [0x00000000e4d80000,0x00000000e4d80000,0x00000000e5580000)
  to   space 8192K, 0% used [0x00000000e4580000,0x00000000e4580000,0x00000000e4d80000)
 ParOldGen       total 66560K, used 15384K [0x00000000a0000000, 0x00000000a4100000, 0x00000000e0000000)
  object space 66560K, 23% used [0x00000000a0000000,0x00000000a0f062d0,0x00000000a4100000)
 Metaspace       used 41752K, capacity 43092K, committed 43264K, reserved 1087488K
  class space    used 5787K, capacity 6085K, committed 6144K, reserved 1048576K
Event: 31.080 GC heap after
Heap after GC invocations=17 (full 2):
 PSYoungGen      total 79360K, used 8178K [0x00000000e0000000, 0x00000000e6900000, 0x0000000100000000)
  eden space 71168K, 0% used [0x00000000e0000000,0x00000000e0000000,0x00000000e4580000)
  from space 8192K, 99% used [0x00000000e4580000,0x00000000e4d7ca48,0x00000000e4d80000)
  to   space 9728K, 0% used [0x00000000e5f80000,0x00000000e5f80000,0x00000000e6900000)
 ParOldGen       total 66560K, used 16452K [0x00000000a0000000, 0x00000000a4100000, 0x00000000e0000000)
  object space 66560K, 24% used [0x00000000a0000000,0x00000000a10110a0,0x00000000a4100000)
 Metaspace       used 41752K, capacity 43092K, committed 43264K, reserved 1087488K
  class space    used 5787K, capacity 6085K, committed 6144K, reserved 1048576K
}
Event: 33.578 GC heap before
{Heap before GC invocations=18 (full 2):
 PSYoungGen      total 79360K, used 79346K [0x00000000e0000000, 0x00000000e6900000, 0x0000000100000000)
  eden space 71168K, 100% used [0x00000000e0000000,0x00000000e4580000,0x00000000e4580000)
  from space 8192K, 99% used [0x00000000e4580000,0x00000000e4d7ca48,0x00000000e4d80000)
  to   space 9728K, 0% used [0x00000000e5f80000,0x00000000e5f80000,0x00000000e6900000)
 ParOldGen       total 66560K, used 16452K [0x00000000a0000000, 0x00000000a4100000, 0x00000000e0000000)
  object space 66560K, 24% used [0x00000000a0000000,0x00000000a10110a0,0x00000000a4100000)
 Metaspace       used 46420K, capacity 47996K, committed 48256K, reserved 1091584K
  class space    used 6412K, capacity 6780K, committed 6784K, reserved 1048576K
Event: 33.609 GC heap after
Heap after GC invocations=18 (full 2):
 PSYoungGen      total 96768K, used 9077K [0x00000000e0000000, 0x00000000e6c00000, 0x0000000100000000)
  eden space 87040K, 0% used [0x00000000e0000000,0x00000000e0000000,0x00000000e5500000)
  from space 9728K, 93% used [0x00000000e5f80000,0x00000000e685d498,0x00000000e6900000)
  to   space 10752K, 0% used [0x00000000e5500000,0x00000000e5500000,0x00000000e5f80000)
 ParOldGen       total 66560K, used 20417K [0x00000000a0000000, 0x00000000a4100000, 0x00000000e0000000)
  object space 66560K, 30% used [0x00000000a0000000,0x00000000a13f0530,0x00000000a4100000)
 Metaspace       used 46420K, capacity 47996K, committed 48256K, reserved 1091584K
  class space    used 6412K, capacity 6780K, committed 6784K, reserved 1048576K
}

