# JRE version: OpenJDK Runtime Environment (8.0_152-b01) (build 1.8.0_152-release-915-b01)
# Java VM: OpenJDK 64-Bit Server VM (25.152-b01 mixed mode windows-amd64 compressed oops)
Heap:
 PSYoungGen      total 268800K, used 200610K [0x00000000e0000000, 0x00000000f4480000, 0x0000000100000000)
  eden space 235520K, 76% used [0x00000000e0000000,0x00000000eb004930,0x00000000ee600000)
  from space 33280K, 61% used [0x00000000ee600000,0x00000000ef9e3fc0,0x00000000f0680000)
  to   space 32768K, 0% used [0x00000000f2480000,0x00000000f2480000,0x00000000f4480000)
 ParOldGen       total 157696K, used 59505K [0x00000000a0000000, 0x00000000a9a00000, 0x00000000e0000000)
  object space 157696K, 37% used [0x00000000a0000000,0x00000000a3a1c6c0,0x00000000a9a00000)
 Metaspace       used 107454K, capacity 116178K, committed 116440K, reserved 1150976K
  class space    used 13729K, capacity 15783K, committed 15872K, reserved 1048576K
GC Heap History (10 events):
Event: 4800.787 GC heap before
{Heap before GC invocations=21 (full 3):
 PSYoungGen      total 239616K, used 67319K [0x00000000e0000000, 0x00000000f0f00000, 0x0000000100000000)
  eden space 209920K, 18% used [0x00000000e0000000,0x00000000e251ac40,0x00000000ecd00000)
  from space 29696K, 98% used [0x00000000ee400000,0x00000000f00a31f0,0x00000000f0100000)
  to   space 14336K, 0% used [0x00000000f0100000,0x00000000f0100000,0x00000000f0f00000)
 ParOldGen       total 120832K, used 62928K [0x00000000a0000000, 0x00000000a7600000, 0x00000000e0000000)
  object space 120832K, 52% used [0x00000000a0000000,0x00000000a3d74130,0x00000000a7600000)
 Metaspace       used 90580K, capacity 98082K, committed 98264K, reserved 1134592K
  class space    used 11773K, capacity 13495K, committed 13568K, reserved 1048576K
Event: 4800.816 GC heap after
Heap after GC invocations=21 (full 3):
 PSYoungGen      total 216576K, used 14305K [0x00000000e0000000, 0x00000000f0f00000, 0x0000000100000000)
  eden space 202240K, 0% used [0x00000000e0000000,0x00000000e0000000,0x00000000ec580000)
  from space 14336K, 99% used [0x00000000f0100000,0x00000000f0ef87b0,0x00000000f0f00000)
  to   space 36352K, 0% used [0x00000000ec800000,0x00000000ec800000,0x00000000eeb80000)
 ParOldGen       total 120832K, used 76164K [0x00000000a0000000, 0x00000000a7600000, 0x00000000e0000000)
  object space 120832K, 63% used [0x00000000a0000000,0x00000000a4a61288,0x00000000a7600000)
 Metaspace       used 90580K, capacity 98082K, committed 98264K, reserved 1134592K
  class space    used 11773K, capacity 13495K, committed 13568K, reserved 1048576K
}
Event: 4800.816 GC heap before
{Heap before GC invocations=22 (full 4):
 PSYoungGen      total 216576K, used 14305K [0x00000000e0000000, 0x00000000f0f00000, 0x0000000100000000)
  eden space 202240K, 0% used [0x00000000e0000000,0x00000000e0000000,0x00000000ec580000)
  from space 14336K, 99% used [0x00000000f0100000,0x00000000f0ef87b0,0x00000000f0f00000)
  to   space 36352K, 0% used [0x00000000ec800000,0x00000000ec800000,0x00000000eeb80000)
 ParOldGen       total 120832K, used 76164K [0x00000000a0000000, 0x00000000a7600000, 0x00000000e0000000)
  object space 120832K, 63% used [0x00000000a0000000,0x00000000a4a61288,0x00000000a7600000)
 Metaspace       used 90580K, capacity 98082K, committed 98264K, reserved 1134592K
  class space    used 11773K, capacity 13495K, committed 13568K, reserved 1048576K
Event: 4801.210 GC heap after
Heap after GC invocations=22 (full 4):
 PSYoungGen      total 216576K, used 0K [0x00000000e0000000, 0x00000000f0f00000, 0x0000000100000000)
  eden space 202240K, 0% used [0x00000000e0000000,0x00000000e0000000,0x00000000ec580000)
  from space 14336K, 0% used [0x00000000f0100000,0x00000000f0100000,0x00000000f0f00000)
  to   space 36352K, 0% used [0x00000000ec800000,0x00000000ec800000,0x00000000eeb80000)
 ParOldGen       total 157696K, used 59481K [0x00000000a0000000, 0x00000000a9a00000, 0x00000000e0000000)
  object space 157696K, 37% used [0x00000000a0000000,0x00000000a3a166c0,0x00000000a9a00000)
 Metaspace       used 89865K, capacity 96612K, committed 98264K, reserved 1134592K
  class space    used 11613K, capacity 13260K, committed 13568K, reserved 1048576K
}
Event: 4818.821 GC heap before
{Heap before GC invocations=23 (full 4):
 PSYoungGen      total 216576K, used 202240K [0x00000000e0000000, 0x00000000f0f00000, 0x0000000100000000)
  eden space 202240K, 100% used [0x00000000e0000000,0x00000000ec580000,0x00000000ec580000)
  from space 14336K, 0% used [0x00000000f0100000,0x00000000f0100000,0x00000000f0f00000)
  to   space 36352K, 0% used [0x00000000ec800000,0x00000000ec800000,0x00000000eeb80000)
 ParOldGen       total 157696K, used 59481K [0x00000000a0000000, 0x00000000a9a00000, 0x00000000e0000000)
  object space 157696K, 37% used [0x00000000a0000000,0x00000000a3a166c0,0x00000000a9a00000)
 Metaspace       used 98476K, capacity 105920K, committed 106328K, reserved 1140736K
  class space    used 12779K, capacity 14564K, committed 14720K, reserved 1048576K
Event: 4818.846 GC heap after
Heap after GC invocations=23 (full 4):
 PSYoungGen      total 241152K, used 17840K [0x00000000e0000000, 0x00000000f2a80000, 0x0000000100000000)
  eden space 204800K, 0% used [0x00000000e0000000,0x00000000e0000000,0x00000000ec800000)
  from space 36352K, 49% used [0x00000000ec800000,0x00000000ed96c118,0x00000000eeb80000)
  to   space 34304K, 0% used [0x00000000f0900000,0x00000000f0900000,0x00000000f2a80000)
 ParOldGen       total 157696K, used 59489K [0x00000000a0000000, 0x00000000a9a00000, 0x00000000e0000000)
  object space 157696K, 37% used [0x00000000a0000000,0x00000000a3a186c0,0x00000000a9a00000)
 Metaspace       used 98476K, capacity 105920K, committed 106328K, reserved 1140736K
  class space    used 12779K, capacity 14564K, committed 14720K, reserved 1048576K
}
Event: 4839.248 GC heap before
{Heap before GC invocations=24 (full 4):
 PSYoungGen      total 241152K, used 222640K [0x00000000e0000000, 0x00000000f2a80000, 0x0000000100000000)
  eden space 204800K, 100% used [0x00000000e0000000,0x00000000ec800000,0x00000000ec800000)
  from space 36352K, 49% used [0x00000000ec800000,0x00000000ed96c118,0x00000000eeb80000)
  to   space 34304K, 0% used [0x00000000f0900000,0x00000000f0900000,0x00000000f2a80000)
 ParOldGen       total 157696K, used 59489K [0x00000000a0000000, 0x00000000a9a00000, 0x00000000e0000000)
  object space 157696K, 37% used [0x00000000a0000000,0x00000000a3a186c0,0x00000000a9a00000)
 Metaspace       used 103278K, capacity 111714K, committed 111832K, reserved 1146880K
  class space    used 13303K, capacity 15287K, committed 15360K, reserved 1048576K
Event: 4839.276 GC heap after
Heap after GC invocations=24 (full 4):
 PSYoungGen      total 266240K, used 18537K [0x00000000e0000000, 0x00000000f2700000, 0x0000000100000000)
  eden space 235520K, 0% used [0x00000000e0000000,0x00000000e0000000,0x00000000ee600000)
  from space 30720K, 60% used [0x00000000f0900000,0x00000000f1b1a6e8,0x00000000f2700000)
  to   space 33280K, 0% used [0x00000000ee600000,0x00000000ee600000,0x00000000f0680000)
 ParOldGen       total 157696K, used 59497K [0x00000000a0000000, 0x00000000a9a00000, 0x00000000e0000000)
  object space 157696K, 37% used [0x00000000a0000000,0x00000000a3a1a6c0,0x00000000a9a00000)
 Metaspace       used 103278K, capacity 111714K, committed 111832K, reserved 1146880K
  class space    used 13303K, capacity 15287K, committed 15360K, reserved 1048576K
}
Event: 4871.651 GC heap before
{Heap before GC invocations=25 (full 4):
 PSYoungGen      total 266240K, used 254057K [0x00000000e0000000, 0x00000000f2700000, 0x0000000100000000)
  eden space 235520K, 100% used [0x00000000e0000000,0x00000000ee600000,0x00000000ee600000)
  from space 30720K, 60% used [0x00000000f0900000,0x00000000f1b1a6e8,0x00000000f2700000)
  to   space 33280K, 0% used [0x00000000ee600000,0x00000000ee600000,0x00000000f0680000)
 ParOldGen       total 157696K, used 59497K [0x00000000a0000000, 0x00000000a9a00000, 0x00000000e0000000)
  object space 157696K, 37% used [0x00000000a0000000,0x00000000a3a1a6c0,0x00000000a9a00000)
 Metaspace       used 104012K, capacity 112684K, committed 112984K, reserved 1146880K
  class space    used 13375K, capacity 15432K, committed 15488K, reserved 1048576K
Event: 4871.713 GC heap after
Heap after GC invocations=25 (full 4):
 PSYoungGen      total 268800K, used 20367K [0x00000000e0000000, 0x00000000f4480000, 0x0000000100000000)
  eden space 235520K, 0% used [0x00000000e0000000,0x00000000e0000000,0x00000000ee600000)
  from space 33280K, 61% used [0x00000000ee600000,0x00000000ef9e3fc0,0x00000000f0680000)
  to   space 32768K, 0% used [0x00000000f2480000,0x00000000f2480000,0x00000000f4480000)
 ParOldGen       total 157696K, used 59505K [0x00000000a0000000, 0x00000000a9a00000, 0x00000000e0000000)
  object space 157696K, 37% used [0x00000000a0000000,0x00000000a3a1c6c0,0x00000000a9a00000)
 Metaspace       used 104012K, capacity 112684K, committed 112984K, reserved 1146880K
  class space    used 13375K, capacity 15432K, committed 15488K, reserved 1048576K
}

