# JRE version: Java(TM) SE Runtime Environment (8.0_77-b03) (build 1.8.0_77-b03)
# Java VM: Java HotSpot(TM) 64-Bit Server VM (25.77-b03 mixed mode windows-amd64 compressed oops)
Heap:
 PSYoungGen      total 108544K, used 81546K [0x00000000e0000000, 0x00000000e7500000, 0x0000000100000000)
  eden space 97792K, 72% used [0x00000000e0000000,0x00000000e4529500,0x00000000e5f80000)
  from space 10752K, 99% used [0x00000000e5f80000,0x00000000e69f94d0,0x00000000e6a00000)
  to   space 10240K, 0% used [0x00000000e6a00000,0x00000000e6a00000,0x00000000e7400000)
 ParOldGen       total 51200K, used 21985K [0x00000000a0000000, 0x00000000a3200000, 0x00000000e0000000)
  object space 51200K, 42% used [0x00000000a0000000,0x00000000a1578640,0x00000000a3200000)
 Metaspace       used 48044K, capacity 49678K, committed 49792K, reserved 1091584K
  class space    used 6637K, capacity 7035K, committed 7040K, reserved 1048576K
GC Heap History (10 events):
Event: 5.169 GC heap before
{Heap before GC invocations=7 (full 1):
 PSYoungGen      total 108032K, used 7251K [0x00000000e0000000, 0x00000000e7500000, 0x0000000100000000)
  eden space 97792K, 0% used [0x00000000e0000000,0x00000000e0000000,0x00000000e5f80000)
  from space 10240K, 70% used [0x00000000e6a00000,0x00000000e7114d70,0x00000000e7400000)
  to   space 10752K, 0% used [0x00000000e5f80000,0x00000000e5f80000,0x00000000e6a00000)
 ParOldGen       total 65536K, used 8671K [0x00000000a0000000, 0x00000000a4000000, 0x00000000e0000000)
  object space 65536K, 13% used [0x00000000a0000000,0x00000000a0877d48,0x00000000a4000000)
 Metaspace       used 20711K, capacity 21170K, committed 21296K, reserved 1067008K
  class space    used 2997K, capacity 3186K, committed 3200K, reserved 1048576K
Event: 5.232 GC heap after
Heap after GC invocations=7 (full 1):
 PSYoungGen      total 108032K, used 0K [0x00000000e0000000, 0x00000000e7500000, 0x0000000100000000)
  eden space 97792K, 0% used [0x00000000e0000000,0x00000000e0000000,0x00000000e5f80000)
  from space 10240K, 0% used [0x00000000e6a00000,0x00000000e6a00000,0x00000000e7400000)
  to   space 10752K, 0% used [0x00000000e5f80000,0x00000000e5f80000,0x00000000e6a00000)
 ParOldGen       total 51200K, used 12489K [0x00000000a0000000, 0x00000000a3200000, 0x00000000e0000000)
  object space 51200K, 24% used [0x00000000a0000000,0x00000000a0c326d0,0x00000000a3200000)
 Metaspace       used 20711K, capacity 21170K, committed 21296K, reserved 1067008K
  class space    used 2997K, capacity 3186K, committed 3200K, reserved 1048576K
}
Event: 6.744 GC heap before
{Heap before GC invocations=8 (full 1):
 PSYoungGen      total 108032K, used 97792K [0x00000000e0000000, 0x00000000e7500000, 0x0000000100000000)
  eden space 97792K, 100% used [0x00000000e0000000,0x00000000e5f80000,0x00000000e5f80000)
  from space 10240K, 0% used [0x00000000e6a00000,0x00000000e6a00000,0x00000000e7400000)
  to   space 10752K, 0% used [0x00000000e5f80000,0x00000000e5f80000,0x00000000e6a00000)
 ParOldGen       total 51200K, used 12489K [0x00000000a0000000, 0x00000000a3200000, 0x00000000e0000000)
  object space 51200K, 24% used [0x00000000a0000000,0x00000000a0c326d0,0x00000000a3200000)
 Metaspace       used 30351K, capacity 30944K, committed 31104K, reserved 1075200K
  class space    used 4218K, capacity 4435K, committed 4480K, reserved 1048576K
Event: 6.766 GC heap after
Heap after GC invocations=8 (full 1):
 PSYoungGen      total 108544K, used 10296K [0x00000000e0000000, 0x00000000e7500000, 0x0000000100000000)
  eden space 97792K, 0% used [0x00000000e0000000,0x00000000e0000000,0x00000000e5f80000)
  from space 10752K, 95% used [0x00000000e5f80000,0x00000000e698e0d0,0x00000000e6a00000)
  to   space 10240K, 0% used [0x00000000e6a00000,0x00000000e6a00000,0x00000000e7400000)
 ParOldGen       total 51200K, used 12497K [0x00000000a0000000, 0x00000000a3200000, 0x00000000e0000000)
  object space 51200K, 24% used [0x00000000a0000000,0x00000000a0c346d0,0x00000000a3200000)
 Metaspace       used 30351K, capacity 30944K, committed 31104K, reserved 1075200K
  class space    used 4218K, capacity 4435K, committed 4480K, reserved 1048576K
}
Event: 9.072 GC heap before
{Heap before GC invocations=9 (full 1):
 PSYoungGen      total 108544K, used 93258K [0x00000000e0000000, 0x00000000e7500000, 0x0000000100000000)
  eden space 97792K, 84% used [0x00000000e0000000,0x00000000e5104ad8,0x00000000e5f80000)
  from space 10752K, 95% used [0x00000000e5f80000,0x00000000e698e0d0,0x00000000e6a00000)
  to   space 10240K, 0% used [0x00000000e6a00000,0x00000000e6a00000,0x00000000e7400000)
 ParOldGen       total 51200K, used 12497K [0x00000000a0000000, 0x00000000a3200000, 0x00000000e0000000)
  object space 51200K, 24% used [0x00000000a0000000,0x00000000a0c346d0,0x00000000a3200000)
 Metaspace       used 34593K, capacity 35472K, committed 35496K, reserved 1079296K
  class space    used 4888K, capacity 5100K, committed 5120K, reserved 1048576K
Event: 9.093 GC heap after
Heap after GC invocations=9 (full 1):
 PSYoungGen      total 108032K, used 10220K [0x00000000e0000000, 0x00000000e7500000, 0x0000000100000000)
  eden space 97792K, 0% used [0x00000000e0000000,0x00000000e0000000,0x00000000e5f80000)
  from space 10240K, 99% used [0x00000000e6a00000,0x00000000e73fb398,0x00000000e7400000)
  to   space 10752K, 0% used [0x00000000e5f80000,0x00000000e5f80000,0x00000000e6a00000)
 ParOldGen       total 51200K, used 14178K [0x00000000a0000000, 0x00000000a3200000, 0x00000000e0000000)
  object space 51200K, 27% used [0x00000000a0000000,0x00000000a0dd88a8,0x00000000a3200000)
 Metaspace       used 34593K, capacity 35472K, committed 35496K, reserved 1079296K
  class space    used 4888K, capacity 5100K, committed 5120K, reserved 1048576K
}
Event: 9.093 GC heap before
{Heap before GC invocations=10 (full 2):
 PSYoungGen      total 108032K, used 10220K [0x00000000e0000000, 0x00000000e7500000, 0x0000000100000000)
  eden space 97792K, 0% used [0x00000000e0000000,0x00000000e0000000,0x00000000e5f80000)
  from space 10240K, 99% used [0x00000000e6a00000,0x00000000e73fb398,0x00000000e7400000)
  to   space 10752K, 0% used [0x00000000e5f80000,0x00000000e5f80000,0x00000000e6a00000)
 ParOldGen       total 51200K, used 14178K [0x00000000a0000000, 0x00000000a3200000, 0x00000000e0000000)
  object space 51200K, 27% used [0x00000000a0000000,0x00000000a0dd88a8,0x00000000a3200000)
 Metaspace       used 34593K, capacity 35472K, committed 35496K, reserved 1079296K
  class space    used 4888K, capacity 5100K, committed 5120K, reserved 1048576K
Event: 9.205 GC heap after
Heap after GC invocations=10 (full 2):
 PSYoungGen      total 108032K, used 0K [0x00000000e0000000, 0x00000000e7500000, 0x0000000100000000)
  eden space 97792K, 0% used [0x00000000e0000000,0x00000000e0000000,0x00000000e5f80000)
  from space 10240K, 0% used [0x00000000e6a00000,0x00000000e6a00000,0x00000000e7400000)
  to   space 10752K, 0% used [0x00000000e5f80000,0x00000000e5f80000,0x00000000e6a00000)
 ParOldGen       total 51200K, used 17957K [0x00000000a0000000, 0x00000000a3200000, 0x00000000e0000000)
  object space 51200K, 35% used [0x00000000a0000000,0x00000000a11894b8,0x00000000a3200000)
 Metaspace       used 34593K, capacity 35472K, committed 35496K, reserved 1079296K
  class space    used 4888K, capacity 5100K, committed 5120K, reserved 1048576K
}
Event: 11.322 GC heap before
{Heap before GC invocations=11 (full 2):
 PSYoungGen      total 108032K, used 97792K [0x00000000e0000000, 0x00000000e7500000, 0x0000000100000000)
  eden space 97792K, 100% used [0x00000000e0000000,0x00000000e5f80000,0x00000000e5f80000)
  from space 10240K, 0% used [0x00000000e6a00000,0x00000000e6a00000,0x00000000e7400000)
  to   space 10752K, 0% used [0x00000000e5f80000,0x00000000e5f80000,0x00000000e6a00000)
 ParOldGen       total 51200K, used 17957K [0x00000000a0000000, 0x00000000a3200000, 0x00000000e0000000)
  object space 51200K, 35% used [0x00000000a0000000,0x00000000a11894b8,0x00000000a3200000)
 Metaspace       used 43472K, capacity 44838K, committed 45056K, reserved 1087488K
  class space    used 6038K, capacity 6360K, committed 6400K, reserved 1048576K
Event: 11.342 GC heap after
Heap after GC invocations=11 (full 2):
 PSYoungGen      total 108544K, used 10725K [0x00000000e0000000, 0x00000000e7500000, 0x0000000100000000)
  eden space 97792K, 0% used [0x00000000e0000000,0x00000000e0000000,0x00000000e5f80000)
  from space 10752K, 99% used [0x00000000e5f80000,0x00000000e69f94d0,0x00000000e6a00000)
  to   space 10240K, 0% used [0x00000000e6a00000,0x00000000e6a00000,0x00000000e7400000)
 ParOldGen       total 51200K, used 21985K [0x00000000a0000000, 0x00000000a3200000, 0x00000000e0000000)
  object space 51200K, 42% used [0x00000000a0000000,0x00000000a1578640,0x00000000a3200000)
 Metaspace       used 43472K, capacity 44838K, committed 45056K, reserved 1087488K
  class space    used 6038K, capacity 6360K, committed 6400K, reserved 1048576K
}

