# JRE version: OpenJDK Runtime Environment (8.0_152-b01) (build 1.8.0_152-release-915-b01)
# Java VM: OpenJDK 64-Bit Server VM (25.152-b01 mixed mode windows-amd64 compressed oops)
Heap:
 PSYoungGen      total 176640K, used 95314K [0x00000000e0000000, 0x00000000eff00000, 0x0000000100000000)
  eden space 163840K, 58% used [0x00000000e0000000,0x00000000e5d149d0,0x00000000ea000000)
  from space 12800K, 0% used [0x00000000ea000000,0x00000000ea000000,0x00000000eac80000)
  to   space 13312K, 0% used [0x00000000ef200000,0x00000000ef200000,0x00000000eff00000)
 ParOldGen       total 65024K, used 16495K [0x00000000a0000000, 0x00000000a3f80000, 0x00000000e0000000)
  object space 65024K, 25% used [0x00000000a0000000,0x00000000a101bdb0,0x00000000a3f80000)
 Metaspace       used 38725K, capacity 39622K, committed 39936K, reserved 1083392K
  class space    used 5203K, capacity 5531K, committed 5632K, reserved 1048576K
GC Heap History (10 events):
Event: 5.510 GC heap before
{Heap before GC invocations=7 (full 1):
 PSYoungGen      total 107520K, used 5686K [0x00000000e0000000, 0x00000000e7400000, 0x0000000100000000)
  eden space 98304K, 0% used [0x00000000e0000000,0x00000000e0000000,0x00000000e6000000)
  from space 9216K, 61% used [0x00000000e6b00000,0x00000000e708d978,0x00000000e7400000)
  to   space 10240K, 0% used [0x00000000e6000000,0x00000000e6000000,0x00000000e6a00000)
 ParOldGen       total 65536K, used 10472K [0x00000000a0000000, 0x00000000a4000000, 0x00000000e0000000)
  object space 65536K, 15% used [0x00000000a0000000,0x00000000a0a3a0c0,0x00000000a4000000)
 Metaspace       used 20682K, capacity 21080K, committed 21296K, reserved 1067008K
  class space    used 2914K, capacity 3081K, committed 3200K, reserved 1048576K
Event: 5.561 GC heap after
Heap after GC invocations=7 (full 1):
 PSYoungGen      total 107520K, used 0K [0x00000000e0000000, 0x00000000e7400000, 0x0000000100000000)
  eden space 98304K, 0% used [0x00000000e0000000,0x00000000e0000000,0x00000000e6000000)
  from space 9216K, 0% used [0x00000000e6b00000,0x00000000e6b00000,0x00000000e7400000)
  to   space 10240K, 0% used [0x00000000e6000000,0x00000000e6000000,0x00000000e6a00000)
 ParOldGen       total 45056K, used 7644K [0x00000000a0000000, 0x00000000a2c00000, 0x00000000e0000000)
  object space 45056K, 16% used [0x00000000a0000000,0x00000000a07770d8,0x00000000a2c00000)
 Metaspace       used 20682K, capacity 21080K, committed 21296K, reserved 1067008K
  class space    used 2914K, capacity 3081K, committed 3200K, reserved 1048576K
}
Event: 7.399 GC heap before
{Heap before GC invocations=8 (full 1):
 PSYoungGen      total 107520K, used 98304K [0x00000000e0000000, 0x00000000e7400000, 0x0000000100000000)
  eden space 98304K, 100% used [0x00000000e0000000,0x00000000e6000000,0x00000000e6000000)
  from space 9216K, 0% used [0x00000000e6b00000,0x00000000e6b00000,0x00000000e7400000)
  to   space 10240K, 0% used [0x00000000e6000000,0x00000000e6000000,0x00000000e6a00000)
 ParOldGen       total 45056K, used 7644K [0x00000000a0000000, 0x00000000a2c00000, 0x00000000e0000000)
  object space 45056K, 16% used [0x00000000a0000000,0x00000000a07770d8,0x00000000a2c00000)
 Metaspace       used 29163K, capacity 29662K, committed 29952K, reserved 1075200K
  class space    used 4027K, capacity 4247K, committed 4352K, reserved 1048576K
Event: 7.421 GC heap after
Heap after GC invocations=8 (full 1):
 PSYoungGen      total 108544K, used 10062K [0x00000000e0000000, 0x00000000eba80000, 0x0000000100000000)
  eden space 98304K, 0% used [0x00000000e0000000,0x00000000e0000000,0x00000000e6000000)
  from space 10240K, 98% used [0x00000000e6000000,0x00000000e69d3908,0x00000000e6a00000)
  to   space 11776K, 0% used [0x00000000eaf00000,0x00000000eaf00000,0x00000000eba80000)
 ParOldGen       total 45056K, used 7652K [0x00000000a0000000, 0x00000000a2c00000, 0x00000000e0000000)
  object space 45056K, 16% used [0x00000000a0000000,0x00000000a07790d8,0x00000000a2c00000)
 Metaspace       used 29163K, capacity 29662K, committed 29952K, reserved 1075200K
  class space    used 4027K, capacity 4247K, committed 4352K, reserved 1048576K
}
Event: 9.729 GC heap before
{Heap before GC invocations=9 (full 1):
 PSYoungGen      total 108544K, used 108366K [0x00000000e0000000, 0x00000000eba80000, 0x0000000100000000)
  eden space 98304K, 100% used [0x00000000e0000000,0x00000000e6000000,0x00000000e6000000)
  from space 10240K, 98% used [0x00000000e6000000,0x00000000e69d3908,0x00000000e6a00000)
  to   space 11776K, 0% used [0x00000000eaf00000,0x00000000eaf00000,0x00000000eba80000)
 ParOldGen       total 45056K, used 7652K [0x00000000a0000000, 0x00000000a2c00000, 0x00000000e0000000)
  object space 45056K, 16% used [0x00000000a0000000,0x00000000a07790d8,0x00000000a2c00000)
 Metaspace       used 33608K, capacity 34248K, committed 34432K, reserved 1079296K
  class space    used 4589K, capacity 4879K, committed 4992K, reserved 1048576K
Event: 9.745 GC heap after
Heap after GC invocations=9 (full 1):
 PSYoungGen      total 173568K, used 10159K [0x00000000e0000000, 0x00000000eb900000, 0x0000000100000000)
  eden space 163328K, 0% used [0x00000000e0000000,0x00000000e0000000,0x00000000e9f80000)
  from space 10240K, 99% used [0x00000000eaf00000,0x00000000eb8ebd28,0x00000000eb900000)
  to   space 12800K, 0% used [0x00000000ea000000,0x00000000ea000000,0x00000000eac80000)
 ParOldGen       total 45056K, used 7732K [0x00000000a0000000, 0x00000000a2c00000, 0x00000000e0000000)
  object space 45056K, 17% used [0x00000000a0000000,0x00000000a078d0e8,0x00000000a2c00000)
 Metaspace       used 33608K, capacity 34248K, committed 34432K, reserved 1079296K
  class space    used 4589K, capacity 4879K, committed 4992K, reserved 1048576K
}
Event: 10.444 GC heap before
{Heap before GC invocations=10 (full 1):
 PSYoungGen      total 173568K, used 30388K [0x00000000e0000000, 0x00000000eb900000, 0x0000000100000000)
  eden space 163328K, 12% used [0x00000000e0000000,0x00000000e13c13c0,0x00000000e9f80000)
  from space 10240K, 99% used [0x00000000eaf00000,0x00000000eb8ebd28,0x00000000eb900000)
  to   space 12800K, 0% used [0x00000000ea000000,0x00000000ea000000,0x00000000eac80000)
 ParOldGen       total 45056K, used 7732K [0x00000000a0000000, 0x00000000a2c00000, 0x00000000e0000000)
  object space 45056K, 17% used [0x00000000a0000000,0x00000000a078d0e8,0x00000000a2c00000)
 Metaspace       used 34751K, capacity 35432K, committed 35496K, reserved 1079296K
  class space    used 4762K, capacity 5060K, committed 5120K, reserved 1048576K
Event: 10.475 GC heap after
Heap after GC invocations=10 (full 1):
 PSYoungGen      total 176640K, used 9838K [0x00000000e0000000, 0x00000000eff00000, 0x0000000100000000)
  eden space 163840K, 0% used [0x00000000e0000000,0x00000000e0000000,0x00000000ea000000)
  from space 12800K, 76% used [0x00000000ea000000,0x00000000ea99baf0,0x00000000eac80000)
  to   space 13312K, 0% used [0x00000000ef200000,0x00000000ef200000,0x00000000eff00000)
 ParOldGen       total 45056K, used 7740K [0x00000000a0000000, 0x00000000a2c00000, 0x00000000e0000000)
  object space 45056K, 17% used [0x00000000a0000000,0x00000000a078f0e8,0x00000000a2c00000)
 Metaspace       used 34751K, capacity 35432K, committed 35496K, reserved 1079296K
  class space    used 4762K, capacity 5060K, committed 5120K, reserved 1048576K
}
Event: 10.475 GC heap before
{Heap before GC invocations=11 (full 2):
 PSYoungGen      total 176640K, used 9838K [0x00000000e0000000, 0x00000000eff00000, 0x0000000100000000)
  eden space 163840K, 0% used [0x00000000e0000000,0x00000000e0000000,0x00000000ea000000)
  from space 12800K, 76% used [0x00000000ea000000,0x00000000ea99baf0,0x00000000eac80000)
  to   space 13312K, 0% used [0x00000000ef200000,0x00000000ef200000,0x00000000eff00000)
 ParOldGen       total 45056K, used 7740K [0x00000000a0000000, 0x00000000a2c00000, 0x00000000e0000000)
  object space 45056K, 17% used [0x00000000a0000000,0x00000000a078f0e8,0x00000000a2c00000)
 Metaspace       used 34751K, capacity 35432K, committed 35496K, reserved 1079296K
  class space    used 4762K, capacity 5060K, committed 5120K, reserved 1048576K
Event: 10.566 GC heap after
Heap after GC invocations=11 (full 2):
 PSYoungGen      total 176640K, used 0K [0x00000000e0000000, 0x00000000eff00000, 0x0000000100000000)
  eden space 163840K, 0% used [0x00000000e0000000,0x00000000e0000000,0x00000000ea000000)
  from space 12800K, 0% used [0x00000000ea000000,0x00000000ea000000,0x00000000eac80000)
  to   space 13312K, 0% used [0x00000000ef200000,0x00000000ef200000,0x00000000eff00000)
 ParOldGen       total 65024K, used 16495K [0x00000000a0000000, 0x00000000a3f80000, 0x00000000e0000000)
  object space 65024K, 25% used [0x00000000a0000000,0x00000000a101bdb0,0x00000000a3f80000)
 Metaspace       used 34751K, capacity 35432K, committed 35496K, reserved 1079296K
  class space    used 4762K, capacity 5060K, committed 5120K, reserved 1048576K
}

