# JRE version: OpenJDK Runtime Environment (8.0_202-b03) (build 1.8.0_202-release-1483-b03)
# Java VM: OpenJDK 64-Bit Server VM (25.202-b03 mixed mode windows-amd64 compressed oops)
Heap:
 PSYoungGen      total 102400K, used 47532K [0x00000000e0000000, 0x00000000e8380000, 0x0000000100000000)
  eden space 93696K, 41% used [0x00000000e0000000,0x00000000e25f0ff0,0x00000000e5b80000)
  from space 8704K, 99% used [0x00000000e5b80000,0x00000000e63fa400,0x00000000e6400000)
  to   space 13824K, 0% used [0x00000000e7600000,0x00000000e7600000,0x00000000e8380000)
 ParOldGen       total 44032K, used 22426K [0x00000000a0000000, 0x00000000a2b00000, 0x00000000e0000000)
  object space 44032K, 50% used [0x00000000a0000000,0x00000000a15e6ae8,0x00000000a2b00000)
 Metaspace       used 44867K, capacity 45966K, committed 46120K, reserved 1089536K
  class space    used 6060K, capacity 6380K, committed 6448K, reserved 1048576K
GC Heap History (10 events):
Event: 5.631 GC heap before
{Heap before GC invocations=9 (full 1):
 PSYoungGen      total 57856K, used 48640K [0x00000000e0000000, 0x00000000e7000000, 0x0000000100000000)
  eden space 48640K, 100% used [0x00000000e0000000,0x00000000e2f80000,0x00000000e2f80000)
  from space 9216K, 0% used [0x00000000e2f80000,0x00000000e2f80000,0x00000000e3880000)
  to   space 8704K, 0% used [0x00000000e6780000,0x00000000e6780000,0x00000000e7000000)
 ParOldGen       total 44032K, used 8094K [0x00000000a0000000, 0x00000000a2b00000, 0x00000000e0000000)
  object space 44032K, 18% used [0x00000000a0000000,0x00000000a07e7bb0,0x00000000a2b00000)
 Metaspace       used 25706K, capacity 26150K, committed 26288K, reserved 1071104K
  class space    used 3576K, capacity 3738K, committed 3760K, reserved 1048576K
Event: 5.641 GC heap after
Heap after GC invocations=9 (full 1):
 PSYoungGen      total 87552K, used 5039K [0x00000000e0000000, 0x00000000e6c80000, 0x0000000100000000)
  eden space 82432K, 0% used [0x00000000e0000000,0x00000000e0000000,0x00000000e5080000)
  from space 5120K, 98% used [0x00000000e6780000,0x00000000e6c6beb8,0x00000000e6c80000)
  to   space 8704K, 0% used [0x00000000e5b80000,0x00000000e5b80000,0x00000000e6400000)
 ParOldGen       total 44032K, used 8102K [0x00000000a0000000, 0x00000000a2b00000, 0x00000000e0000000)
  object space 44032K, 18% used [0x00000000a0000000,0x00000000a07e9bb0,0x00000000a2b00000)
 Metaspace       used 25706K, capacity 26150K, committed 26288K, reserved 1071104K
  class space    used 3576K, capacity 3738K, committed 3760K, reserved 1048576K
}
Event: 7.480 GC heap before
{Heap before GC invocations=10 (full 1):
 PSYoungGen      total 87552K, used 87471K [0x00000000e0000000, 0x00000000e6c80000, 0x0000000100000000)
  eden space 82432K, 100% used [0x00000000e0000000,0x00000000e5080000,0x00000000e5080000)
  from space 5120K, 98% used [0x00000000e6780000,0x00000000e6c6beb8,0x00000000e6c80000)
  to   space 8704K, 0% used [0x00000000e5b80000,0x00000000e5b80000,0x00000000e6400000)
 ParOldGen       total 44032K, used 8102K [0x00000000a0000000, 0x00000000a2b00000, 0x00000000e0000000)
  object space 44032K, 18% used [0x00000000a0000000,0x00000000a07e9bb0,0x00000000a2b00000)
 Metaspace       used 30737K, capacity 31410K, committed 31664K, reserved 1077248K
  class space    used 4288K, capacity 4522K, committed 4528K, reserved 1048576K
Event: 7.507 GC heap after
Heap after GC invocations=10 (full 1):
 PSYoungGen      total 91136K, used 8685K [0x00000000e0000000, 0x00000000e6c80000, 0x0000000100000000)
  eden space 82432K, 0% used [0x00000000e0000000,0x00000000e0000000,0x00000000e5080000)
  from space 8704K, 99% used [0x00000000e5b80000,0x00000000e63fb500,0x00000000e6400000)
  to   space 5120K, 0% used [0x00000000e6780000,0x00000000e6780000,0x00000000e6c80000)
 ParOldGen       total 44032K, used 9825K [0x00000000a0000000, 0x00000000a2b00000, 0x00000000e0000000)
  object space 44032K, 22% used [0x00000000a0000000,0x00000000a09985b0,0x00000000a2b00000)
 Metaspace       used 30737K, capacity 31410K, committed 31664K, reserved 1077248K
  class space    used 4288K, capacity 4522K, committed 4528K, reserved 1048576K
}
Event: 9.437 GC heap before
{Heap before GC invocations=11 (full 1):
 PSYoungGen      total 91136K, used 62453K [0x00000000e0000000, 0x00000000e6c80000, 0x0000000100000000)
  eden space 82432K, 65% used [0x00000000e0000000,0x00000000e3482208,0x00000000e5080000)
  from space 8704K, 99% used [0x00000000e5b80000,0x00000000e63fb500,0x00000000e6400000)
  to   space 5120K, 0% used [0x00000000e6780000,0x00000000e6780000,0x00000000e6c80000)
 ParOldGen       total 44032K, used 9825K [0x00000000a0000000, 0x00000000a2b00000, 0x00000000e0000000)
  object space 44032K, 22% used [0x00000000a0000000,0x00000000a09985b0,0x00000000a2b00000)
 Metaspace       used 34818K, capacity 35400K, committed 35496K, reserved 1079296K
  class space    used 4799K, capacity 5016K, committed 5040K, reserved 1048576K
Event: 9.457 GC heap after
Heap after GC invocations=11 (full 1):
 PSYoungGen      total 87552K, used 5108K [0x00000000e0000000, 0x00000000e6c80000, 0x0000000100000000)
  eden space 82432K, 0% used [0x00000000e0000000,0x00000000e0000000,0x00000000e5080000)
  from space 5120K, 99% used [0x00000000e6780000,0x00000000e6c7d0e0,0x00000000e6c80000)
  to   space 8704K, 0% used [0x00000000e5b80000,0x00000000e5b80000,0x00000000e6400000)
 ParOldGen       total 44032K, used 17152K [0x00000000a0000000, 0x00000000a2b00000, 0x00000000e0000000)
  object space 44032K, 38% used [0x00000000a0000000,0x00000000a10c01f0,0x00000000a2b00000)
 Metaspace       used 34818K, capacity 35400K, committed 35496K, reserved 1079296K
  class space    used 4799K, capacity 5016K, committed 5040K, reserved 1048576K
}
Event: 9.457 GC heap before
{Heap before GC invocations=12 (full 2):
 PSYoungGen      total 87552K, used 5108K [0x00000000e0000000, 0x00000000e6c80000, 0x0000000100000000)
  eden space 82432K, 0% used [0x00000000e0000000,0x00000000e0000000,0x00000000e5080000)
  from space 5120K, 99% used [0x00000000e6780000,0x00000000e6c7d0e0,0x00000000e6c80000)
  to   space 8704K, 0% used [0x00000000e5b80000,0x00000000e5b80000,0x00000000e6400000)
 ParOldGen       total 44032K, used 17152K [0x00000000a0000000, 0x00000000a2b00000, 0x00000000e0000000)
  object space 44032K, 38% used [0x00000000a0000000,0x00000000a10c01f0,0x00000000a2b00000)
 Metaspace       used 34818K, capacity 35400K, committed 35496K, reserved 1079296K
  class space    used 4799K, capacity 5016K, committed 5040K, reserved 1048576K
Event: 9.564 GC heap after
Heap after GC invocations=12 (full 2):
 PSYoungGen      total 87552K, used 0K [0x00000000e0000000, 0x00000000e6c80000, 0x0000000100000000)
  eden space 82432K, 0% used [0x00000000e0000000,0x00000000e0000000,0x00000000e5080000)
  from space 5120K, 0% used [0x00000000e6780000,0x00000000e6780000,0x00000000e6c80000)
  to   space 8704K, 0% used [0x00000000e5b80000,0x00000000e5b80000,0x00000000e6400000)
 ParOldGen       total 44032K, used 19219K [0x00000000a0000000, 0x00000000a2b00000, 0x00000000e0000000)
  object space 44032K, 43% used [0x00000000a0000000,0x00000000a12c4cb0,0x00000000a2b00000)
 Metaspace       used 34818K, capacity 35400K, committed 35496K, reserved 1079296K
  class space    used 4799K, capacity 5016K, committed 5040K, reserved 1048576K
}
Event: 11.416 GC heap before
{Heap before GC invocations=13 (full 2):
 PSYoungGen      total 87552K, used 82432K [0x00000000e0000000, 0x00000000e6c80000, 0x0000000100000000)
  eden space 82432K, 100% used [0x00000000e0000000,0x00000000e5080000,0x00000000e5080000)
  from space 5120K, 0% used [0x00000000e6780000,0x00000000e6780000,0x00000000e6c80000)
  to   space 8704K, 0% used [0x00000000e5b80000,0x00000000e5b80000,0x00000000e6400000)
 ParOldGen       total 44032K, used 19219K [0x00000000a0000000, 0x00000000a2b00000, 0x00000000e0000000)
  object space 44032K, 43% used [0x00000000a0000000,0x00000000a12c4cb0,0x00000000a2b00000)
 Metaspace       used 44185K, capacity 45024K, committed 45224K, reserved 1087488K
  class space    used 5957K, capacity 6214K, committed 6320K, reserved 1048576K
Event: 11.433 GC heap after
Heap after GC invocations=13 (full 2):
 PSYoungGen      total 102400K, used 8681K [0x00000000e0000000, 0x00000000e8380000, 0x0000000100000000)
  eden space 93696K, 0% used [0x00000000e0000000,0x00000000e0000000,0x00000000e5b80000)
  from space 8704K, 99% used [0x00000000e5b80000,0x00000000e63fa400,0x00000000e6400000)
  to   space 13824K, 0% used [0x00000000e7600000,0x00000000e7600000,0x00000000e8380000)
 ParOldGen       total 44032K, used 22426K [0x00000000a0000000, 0x00000000a2b00000, 0x00000000e0000000)
  object space 44032K, 50% used [0x00000000a0000000,0x00000000a15e6ae8,0x00000000a2b00000)
 Metaspace       used 44185K, capacity 45024K, committed 45224K, reserved 1087488K
  class space    used 5957K, capacity 6214K, committed 6320K, reserved 1048576K
}

