# JRE version: OpenJDK Runtime Environment (8.0_152-b01) (build 1.8.0_152-release-915-b01)
# Java VM: OpenJDK 64-Bit Server VM (25.152-b01 mixed mode windows-amd64 compressed oops)
Heap:
 PSYoungGen      total 198656K, used 163244K [0x00000000e0000000, 0x00000000ed680000, 0x0000000100000000)
  eden space 186880K, 87% used [0x00000000e0000000,0x00000000e9f6b370,0x00000000eb680000)
  from space 11776K, 0% used [0x00000000ecb00000,0x00000000ecb00000,0x00000000ed680000)
  to   space 13824K, 0% used [0x00000000ebd80000,0x00000000ebd80000,0x00000000ecb00000)
 ParOldGen       total 53760K, used 32181K [0x00000000a0000000, 0x00000000a3480000, 0x00000000e0000000)
  object space 53760K, 59% used [0x00000000a0000000,0x00000000a1f6d610,0x00000000a3480000)
 Metaspace       used 64135K, capacity 66366K, committed 66560K, reserved 1105920K
  class space    used 8572K, capacity 9160K, committed 9216K, reserved 1048576K
GC Heap History (10 events):
Event: 9.776 GC heap before
{Heap before GC invocations=9 (full 2):
 PSYoungGen      total 166400K, used 12474K [0x00000000e0000000, 0x00000000ed500000, 0x0000000100000000)
  eden space 153600K, 0% used [0x00000000e0000000,0x00000000e0000000,0x00000000e9600000)
  from space 12800K, 97% used [0x00000000ebc00000,0x00000000ec82eba8,0x00000000ec880000)
  to   space 10240K, 0% used [0x00000000ecb00000,0x00000000ecb00000,0x00000000ed500000)
 ParOldGen       total 53760K, used 12104K [0x00000000a0000000, 0x00000000a3480000, 0x00000000e0000000)
  object space 53760K, 22% used [0x00000000a0000000,0x00000000a0bd2290,0x00000000a3480000)
 Metaspace       used 34780K, capacity 35410K, committed 35496K, reserved 1079296K
  class space    used 4772K, capacity 5050K, committed 5120K, reserved 1048576K
Event: 9.918 GC heap after
Heap after GC invocations=9 (full 2):
 PSYoungGen      total 166400K, used 0K [0x00000000e0000000, 0x00000000ed500000, 0x0000000100000000)
  eden space 153600K, 0% used [0x00000000e0000000,0x00000000e0000000,0x00000000e9600000)
  from space 12800K, 0% used [0x00000000ebc00000,0x00000000ebc00000,0x00000000ec880000)
  to   space 10240K, 0% used [0x00000000ecb00000,0x00000000ecb00000,0x00000000ed500000)
 ParOldGen       total 53760K, used 18919K [0x00000000a0000000, 0x00000000a3480000, 0x00000000e0000000)
  object space 53760K, 35% used [0x00000000a0000000,0x00000000a1279e18,0x00000000a3480000)
 Metaspace       used 34780K, capacity 35410K, committed 35496K, reserved 1079296K
  class space    used 4772K, capacity 5050K, committed 5120K, reserved 1048576K
}
Event: 291.866 GC heap before
{Heap before GC invocations=10 (full 2):
 PSYoungGen      total 166400K, used 153600K [0x00000000e0000000, 0x00000000ed500000, 0x0000000100000000)
  eden space 153600K, 100% used [0x00000000e0000000,0x00000000e9600000,0x00000000e9600000)
  from space 12800K, 0% used [0x00000000ebc00000,0x00000000ebc00000,0x00000000ec880000)
  to   space 10240K, 0% used [0x00000000ecb00000,0x00000000ecb00000,0x00000000ed500000)
 ParOldGen       total 53760K, used 18919K [0x00000000a0000000, 0x00000000a3480000, 0x00000000e0000000)
  object space 53760K, 35% used [0x00000000a0000000,0x00000000a1279e18,0x00000000a3480000)
 Metaspace       used 40207K, capacity 41382K, committed 41600K, reserved 1085440K
  class space    used 5306K, capacity 5688K, committed 5760K, reserved 1048576K
Event: 291.878 GC heap after
Heap after GC invocations=10 (full 2):
 PSYoungGen      total 204288K, used 6802K [0x00000000e0000000, 0x00000000ee080000, 0x0000000100000000)
  eden space 194048K, 0% used [0x00000000e0000000,0x00000000e0000000,0x00000000ebd80000)
  from space 10240K, 66% used [0x00000000ecb00000,0x00000000ed1a4a00,0x00000000ed500000)
  to   space 13824K, 0% used [0x00000000ebd80000,0x00000000ebd80000,0x00000000ecb00000)
 ParOldGen       total 53760K, used 18927K [0x00000000a0000000, 0x00000000a3480000, 0x00000000e0000000)
  object space 53760K, 35% used [0x00000000a0000000,0x00000000a127be18,0x00000000a3480000)
 Metaspace       used 40207K, capacity 41382K, committed 41600K, reserved 1085440K
  class space    used 5306K, capacity 5688K, committed 5760K, reserved 1048576K
}
Event: 522.734 GC heap before
{Heap before GC invocations=11 (full 2):
 PSYoungGen      total 204288K, used 200850K [0x00000000e0000000, 0x00000000ee080000, 0x0000000100000000)
  eden space 194048K, 100% used [0x00000000e0000000,0x00000000ebd80000,0x00000000ebd80000)
  from space 10240K, 66% used [0x00000000ecb00000,0x00000000ed1a4a00,0x00000000ed500000)
  to   space 13824K, 0% used [0x00000000ebd80000,0x00000000ebd80000,0x00000000ecb00000)
 ParOldGen       total 53760K, used 18927K [0x00000000a0000000, 0x00000000a3480000, 0x00000000e0000000)
  object space 53760K, 35% used [0x00000000a0000000,0x00000000a127be18,0x00000000a3480000)
 Metaspace       used 51429K, capacity 52986K, committed 53376K, reserved 1095680K
  class space    used 6675K, capacity 7169K, committed 7296K, reserved 1048576K
Event: 522.758 GC heap after
Heap after GC invocations=11 (full 2):
 PSYoungGen      total 200704K, used 13793K [0x00000000e0000000, 0x00000000ed680000, 0x0000000100000000)
  eden space 186880K, 0% used [0x00000000e0000000,0x00000000e0000000,0x00000000eb680000)
  from space 13824K, 99% used [0x00000000ebd80000,0x00000000ecaf87e8,0x00000000ecb00000)
  to   space 11776K, 0% used [0x00000000ecb00000,0x00000000ecb00000,0x00000000ed680000)
 ParOldGen       total 53760K, used 20496K [0x00000000a0000000, 0x00000000a3480000, 0x00000000e0000000)
  object space 53760K, 38% used [0x00000000a0000000,0x00000000a1404190,0x00000000a3480000)
 Metaspace       used 51429K, capacity 52986K, committed 53376K, reserved 1095680K
  class space    used 6675K, capacity 7169K, committed 7296K, reserved 1048576K
}
Event: 524.959 GC heap before
{Heap before GC invocations=12 (full 2):
 PSYoungGen      total 200704K, used 89385K [0x00000000e0000000, 0x00000000ed680000, 0x0000000100000000)
  eden space 186880K, 40% used [0x00000000e0000000,0x00000000e49d1fe8,0x00000000eb680000)
  from space 13824K, 99% used [0x00000000ebd80000,0x00000000ecaf87e8,0x00000000ecb00000)
  to   space 11776K, 0% used [0x00000000ecb00000,0x00000000ecb00000,0x00000000ed680000)
 ParOldGen       total 53760K, used 20496K [0x00000000a0000000, 0x00000000a3480000, 0x00000000e0000000)
  object space 53760K, 38% used [0x00000000a0000000,0x00000000a1404190,0x00000000a3480000)
 Metaspace       used 57353K, capacity 59072K, committed 59160K, reserved 1099776K
  class space    used 7500K, capacity 7991K, committed 8064K, reserved 1048576K
Event: 524.986 GC heap after
Heap after GC invocations=12 (full 2):
 PSYoungGen      total 198656K, used 11756K [0x00000000e0000000, 0x00000000ed680000, 0x0000000100000000)
  eden space 186880K, 0% used [0x00000000e0000000,0x00000000e0000000,0x00000000eb680000)
  from space 11776K, 99% used [0x00000000ecb00000,0x00000000ed67b190,0x00000000ed680000)
  to   space 13824K, 0% used [0x00000000ebd80000,0x00000000ebd80000,0x00000000ecb00000)
 ParOldGen       total 53760K, used 27148K [0x00000000a0000000, 0x00000000a3480000, 0x00000000e0000000)
  object space 53760K, 50% used [0x00000000a0000000,0x00000000a1a83098,0x00000000a3480000)
 Metaspace       used 57353K, capacity 59072K, committed 59160K, reserved 1099776K
  class space    used 7500K, capacity 7991K, committed 8064K, reserved 1048576K
}
Event: 524.986 GC heap before
{Heap before GC invocations=13 (full 3):
 PSYoungGen      total 198656K, used 11756K [0x00000000e0000000, 0x00000000ed680000, 0x0000000100000000)
  eden space 186880K, 0% used [0x00000000e0000000,0x00000000e0000000,0x00000000eb680000)
  from space 11776K, 99% used [0x00000000ecb00000,0x00000000ed67b190,0x00000000ed680000)
  to   space 13824K, 0% used [0x00000000ebd80000,0x00000000ebd80000,0x00000000ecb00000)
 ParOldGen       total 53760K, used 27148K [0x00000000a0000000, 0x00000000a3480000, 0x00000000e0000000)
  object space 53760K, 50% used [0x00000000a0000000,0x00000000a1a83098,0x00000000a3480000)
 Metaspace       used 57353K, capacity 59072K, committed 59160K, reserved 1099776K
  class space    used 7500K, capacity 7991K, committed 8064K, reserved 1048576K
Event: 525.291 GC heap after
Heap after GC invocations=13 (full 3):
 PSYoungGen      total 198656K, used 0K [0x00000000e0000000, 0x00000000ed680000, 0x0000000100000000)
  eden space 186880K, 0% used [0x00000000e0000000,0x00000000e0000000,0x00000000eb680000)
  from space 11776K, 0% used [0x00000000ecb00000,0x00000000ecb00000,0x00000000ed680000)
  to   space 13824K, 0% used [0x00000000ebd80000,0x00000000ebd80000,0x00000000ecb00000)
 ParOldGen       total 53760K, used 32181K [0x00000000a0000000, 0x00000000a3480000, 0x00000000e0000000)
  object space 53760K, 59% used [0x00000000a0000000,0x00000000a1f6d610,0x00000000a3480000)
 Metaspace       used 57254K, capacity 58772K, committed 59160K, reserved 1099776K
  class space    used 7469K, capacity 7955K, committed 8064K, reserved 1048576K
}

