# JRE version: Java(TM) SE Runtime Environment (8.0_77-b03) (build 1.8.0_77-b03)
# Java VM: Java HotSpot(TM) 64-Bit Server VM (25.77-b03 mixed mode windows-amd64 compressed oops)
Heap:
 PSYoungGen      total 88576K, used 50502K [0x00000000e0000000, 0x00000000e6d00000, 0x0000000100000000)
  eden space 79360K, 52% used [0x00000000e0000000,0x00000000e28590a0,0x00000000e4d80000)
  from space 9216K, 99% used [0x00000000e5b00000,0x00000000e63f8768,0x00000000e6400000)
  to   space 6144K, 0% used [0x00000000e6700000,0x00000000e6700000,0x00000000e6d00000)
 ParOldGen       total 45056K, used 9538K [0x00000000a0000000, 0x00000000a2c00000, 0x00000000e0000000)
  object space 45056K, 21% used [0x00000000a0000000,0x00000000a0950bb0,0x00000000a2c00000)
 Metaspace       used 33823K, capacity 34758K, committed 35072K, reserved 1079296K
  class space    used 4784K, capacity 5023K, committed 5120K, reserved 1048576K
GC Heap History (10 events):
Event: 4.846 GC heap before
{Heap before GC invocations=6 (full 0):
 PSYoungGen      total 28672K, used 28656K [0x00000000e0000000, 0x00000000e4000000, 0x0000000100000000)
  eden space 24576K, 100% used [0x00000000e0000000,0x00000000e1800000,0x00000000e1800000)
  from space 4096K, 99% used [0x00000000e1800000,0x00000000e1bfc030,0x00000000e1c00000)
  to   space 8192K, 0% used [0x00000000e3800000,0x00000000e3800000,0x00000000e4000000)
 ParOldGen       total 65536K, used 5736K [0x00000000a0000000, 0x00000000a4000000, 0x00000000e0000000)
  object space 65536K, 8% used [0x00000000a0000000,0x00000000a059a0f8,0x00000000a4000000)
 Metaspace       used 17590K, capacity 18016K, committed 18176K, reserved 1064960K
  class space    used 2612K, capacity 2772K, committed 2816K, reserved 1048576K
Event: 4.861 GC heap after
Heap after GC invocations=6 (full 0):
 PSYoungGen      total 56320K, used 7049K [0x00000000e0000000, 0x00000000e4200000, 0x0000000100000000)
  eden space 48128K, 0% used [0x00000000e0000000,0x00000000e0000000,0x00000000e2f00000)
  from space 8192K, 86% used [0x00000000e3800000,0x00000000e3ee2510,0x00000000e4000000)
  to   space 9216K, 0% used [0x00000000e2f00000,0x00000000e2f00000,0x00000000e3800000)
 ParOldGen       total 65536K, used 5744K [0x00000000a0000000, 0x00000000a4000000, 0x00000000e0000000)
  object space 65536K, 8% used [0x00000000a0000000,0x00000000a059c0f8,0x00000000a4000000)
 Metaspace       used 17590K, capacity 18016K, committed 18176K, reserved 1064960K
  class space    used 2612K, capacity 2772K, committed 2816K, reserved 1048576K
}
Event: 5.661 GC heap before
{Heap before GC invocations=7 (full 0):
 PSYoungGen      total 56320K, used 32978K [0x00000000e0000000, 0x00000000e4200000, 0x0000000100000000)
  eden space 48128K, 53% used [0x00000000e0000000,0x00000000e19524e8,0x00000000e2f00000)
  from space 8192K, 86% used [0x00000000e3800000,0x00000000e3ee2510,0x00000000e4000000)
  to   space 9216K, 0% used [0x00000000e2f00000,0x00000000e2f00000,0x00000000e3800000)
 ParOldGen       total 65536K, used 5744K [0x00000000a0000000, 0x00000000a4000000, 0x00000000e0000000)
  object space 65536K, 8% used [0x00000000a0000000,0x00000000a059c0f8,0x00000000a4000000)
 Metaspace       used 20764K, capacity 21210K, committed 21296K, reserved 1067008K
  class space    used 3011K, capacity 3182K, committed 3200K, reserved 1048576K
Event: 5.673 GC heap after
Heap after GC invocations=7 (full 0):
 PSYoungGen      total 57344K, used 6608K [0x00000000e0000000, 0x00000000e7000000, 0x0000000100000000)
  eden space 48128K, 0% used [0x00000000e0000000,0x00000000e0000000,0x00000000e2f00000)
  from space 9216K, 71% used [0x00000000e2f00000,0x00000000e35743a0,0x00000000e3800000)
  to   space 9216K, 0% used [0x00000000e6700000,0x00000000e6700000,0x00000000e7000000)
 ParOldGen       total 65536K, used 7483K [0x00000000a0000000, 0x00000000a4000000, 0x00000000e0000000)
  object space 65536K, 11% used [0x00000000a0000000,0x00000000a074eff8,0x00000000a4000000)
 Metaspace       used 20764K, capacity 21210K, committed 21296K, reserved 1067008K
  class space    used 3011K, capacity 3182K, committed 3200K, reserved 1048576K
}
Event: 5.673 GC heap before
{Heap before GC invocations=8 (full 1):
 PSYoungGen      total 57344K, used 6608K [0x00000000e0000000, 0x00000000e7000000, 0x0000000100000000)
  eden space 48128K, 0% used [0x00000000e0000000,0x00000000e0000000,0x00000000e2f00000)
  from space 9216K, 71% used [0x00000000e2f00000,0x00000000e35743a0,0x00000000e3800000)
  to   space 9216K, 0% used [0x00000000e6700000,0x00000000e6700000,0x00000000e7000000)
 ParOldGen       total 65536K, used 7483K [0x00000000a0000000, 0x00000000a4000000, 0x00000000e0000000)
  object space 65536K, 11% used [0x00000000a0000000,0x00000000a074eff8,0x00000000a4000000)
 Metaspace       used 20764K, capacity 21210K, committed 21296K, reserved 1067008K
  class space    used 3011K, capacity 3182K, committed 3200K, reserved 1048576K
Event: 5.723 GC heap after
Heap after GC invocations=8 (full 1):
 PSYoungGen      total 57344K, used 0K [0x00000000e0000000, 0x00000000e7000000, 0x0000000100000000)
  eden space 48128K, 0% used [0x00000000e0000000,0x00000000e0000000,0x00000000e2f00000)
  from space 9216K, 0% used [0x00000000e2f00000,0x00000000e2f00000,0x00000000e3800000)
  to   space 9216K, 0% used [0x00000000e6700000,0x00000000e6700000,0x00000000e7000000)
 ParOldGen       total 45056K, used 8839K [0x00000000a0000000, 0x00000000a2c00000, 0x00000000e0000000)
  object space 45056K, 19% used [0x00000000a0000000,0x00000000a08a1e20,0x00000000a2c00000)
 Metaspace       used 20764K, capacity 21210K, committed 21296K, reserved 1067008K
  class space    used 3011K, capacity 3182K, committed 3200K, reserved 1048576K
}
Event: 6.803 GC heap before
{Heap before GC invocations=9 (full 1):
 PSYoungGen      total 57344K, used 48128K [0x00000000e0000000, 0x00000000e7000000, 0x0000000100000000)
  eden space 48128K, 100% used [0x00000000e0000000,0x00000000e2f00000,0x00000000e2f00000)
  from space 9216K, 0% used [0x00000000e2f00000,0x00000000e2f00000,0x00000000e3800000)
  to   space 9216K, 0% used [0x00000000e6700000,0x00000000e6700000,0x00000000e7000000)
 ParOldGen       total 45056K, used 8839K [0x00000000a0000000, 0x00000000a2c00000, 0x00000000e0000000)
  object space 45056K, 19% used [0x00000000a0000000,0x00000000a08a1e20,0x00000000a2c00000)
 Metaspace       used 27286K, capacity 27830K, committed 28032K, reserved 1073152K
  class space    used 3719K, capacity 3894K, committed 3968K, reserved 1048576K
Event: 6.813 GC heap after
Heap after GC invocations=9 (full 1):
 PSYoungGen      total 85504K, used 6021K [0x00000000e0000000, 0x00000000e6d00000, 0x0000000100000000)
  eden space 79360K, 0% used [0x00000000e0000000,0x00000000e0000000,0x00000000e4d80000)
  from space 6144K, 98% used [0x00000000e6700000,0x00000000e6ce1630,0x00000000e6d00000)
  to   space 9216K, 0% used [0x00000000e5b00000,0x00000000e5b00000,0x00000000e6400000)
 ParOldGen       total 45056K, used 8847K [0x00000000a0000000, 0x00000000a2c00000, 0x00000000e0000000)
  object space 45056K, 19% used [0x00000000a0000000,0x00000000a08a3e20,0x00000000a2c00000)
 Metaspace       used 27286K, capacity 27830K, committed 28032K, reserved 1073152K
  class space    used 3719K, capacity 3894K, committed 3968K, reserved 1048576K
}
Event: 8.453 GC heap before
{Heap before GC invocations=10 (full 1):
 PSYoungGen      total 85504K, used 85381K [0x00000000e0000000, 0x00000000e6d00000, 0x0000000100000000)
  eden space 79360K, 100% used [0x00000000e0000000,0x00000000e4d80000,0x00000000e4d80000)
  from space 6144K, 98% used [0x00000000e6700000,0x00000000e6ce1630,0x00000000e6d00000)
  to   space 9216K, 0% used [0x00000000e5b00000,0x00000000e5b00000,0x00000000e6400000)
 ParOldGen       total 45056K, used 8847K [0x00000000a0000000, 0x00000000a2c00000, 0x00000000e0000000)
  object space 45056K, 19% used [0x00000000a0000000,0x00000000a08a3e20,0x00000000a2c00000)
 Metaspace       used 31839K, capacity 32468K, committed 32640K, reserved 1077248K
  class space    used 4454K, capacity 4700K, committed 4736K, reserved 1048576K
Event: 8.469 GC heap after
Heap after GC invocations=10 (full 1):
 PSYoungGen      total 88576K, used 9185K [0x00000000e0000000, 0x00000000e6d00000, 0x0000000100000000)
  eden space 79360K, 0% used [0x00000000e0000000,0x00000000e0000000,0x00000000e4d80000)
  from space 9216K, 99% used [0x00000000e5b00000,0x00000000e63f8768,0x00000000e6400000)
  to   space 6144K, 0% used [0x00000000e6700000,0x00000000e6700000,0x00000000e6d00000)
 ParOldGen       total 45056K, used 9538K [0x00000000a0000000, 0x00000000a2c00000, 0x00000000e0000000)
  object space 45056K, 21% used [0x00000000a0000000,0x00000000a0950bb0,0x00000000a2c00000)
 Metaspace       used 31839K, capacity 32468K, committed 32640K, reserved 1077248K
  class space    used 4454K, capacity 4700K, committed 4736K, reserved 1048576K
}

