# JRE version: OpenJDK Runtime Environment (8.0_202-b03) (build 1.8.0_202-release-1483-b03)
# Java VM: OpenJDK 64-Bit Server VM (25.202-b03 mixed mode windows-amd64 compressed oops)
Heap:
 PSYoungGen      total 87040K, used 85160K [0x00000000e0000000, 0x00000000e6e80000, 0x0000000100000000)
  eden space 81408K, 97% used [0x00000000e0000000,0x00000000e4dcd7d8,0x00000000e4f80000)
  from space 5632K, 97% used [0x00000000e6900000,0x00000000e6e5ca88,0x00000000e6e80000)
  to   space 8704K, 0% used [0x00000000e5d80000,0x00000000e5d80000,0x00000000e6600000)
 ParOldGen       total 44544K, used 7684K [0x00000000a0000000, 0x00000000a2b80000, 0x00000000e0000000)
  object space 44544K, 17% used [0x00000000a0000000,0x00000000a0781068,0x00000000a2b80000)
 Metaspace       used 30581K, capacity 31024K, committed 31360K, reserved 1077248K
  class space    used 4254K, capacity 4419K, committed 4480K, reserved 1048576K
GC Heap History (10 events):
Event: 4.447 GC heap before
{Heap before GC invocations=5 (full 0):
 PSYoungGen      total 28672K, used 28656K [0x00000000e0000000, 0x00000000e3800000, 0x0000000100000000)
  eden space 24576K, 100% used [0x00000000e0000000,0x00000000e1800000,0x00000000e1800000)
  from space 4096K, 99% used [0x00000000e1c00000,0x00000000e1ffc050,0x00000000e2000000)
  to   space 4096K, 0% used [0x00000000e1800000,0x00000000e1800000,0x00000000e1c00000)
 ParOldGen       total 65536K, used 3979K [0x00000000a0000000, 0x00000000a4000000, 0x00000000e0000000)
  object space 65536K, 6% used [0x00000000a0000000,0x00000000a03e2c10,0x00000000a4000000)
 Metaspace       used 16375K, capacity 16746K, committed 16896K, reserved 1062912K
  class space    used 2339K, capacity 2519K, committed 2560K, reserved 1048576K
Event: 4.460 GC heap after
Heap after GC invocations=5 (full 0):
 PSYoungGen      total 28672K, used 4064K [0x00000000e0000000, 0x00000000e4200000, 0x0000000100000000)
  eden space 24576K, 0% used [0x00000000e0000000,0x00000000e0000000,0x00000000e1800000)
  from space 4096K, 99% used [0x00000000e1800000,0x00000000e1bf8020,0x00000000e1c00000)
  to   space 9216K, 0% used [0x00000000e3900000,0x00000000e3900000,0x00000000e4200000)
 ParOldGen       total 65536K, used 7276K [0x00000000a0000000, 0x00000000a4000000, 0x00000000e0000000)
  object space 65536K, 11% used [0x00000000a0000000,0x00000000a071b2e8,0x00000000a4000000)
 Metaspace       used 16375K, capacity 16746K, committed 16896K, reserved 1062912K
  class space    used 2339K, capacity 2519K, committed 2560K, reserved 1048576K
}
Event: 5.035 GC heap before
{Heap before GC invocations=6 (full 0):
 PSYoungGen      total 28672K, used 28640K [0x00000000e0000000, 0x00000000e4200000, 0x0000000100000000)
  eden space 24576K, 100% used [0x00000000e0000000,0x00000000e1800000,0x00000000e1800000)
  from space 4096K, 99% used [0x00000000e1800000,0x00000000e1bf8020,0x00000000e1c00000)
  to   space 9216K, 0% used [0x00000000e3900000,0x00000000e3900000,0x00000000e4200000)
 ParOldGen       total 65536K, used 7276K [0x00000000a0000000, 0x00000000a4000000, 0x00000000e0000000)
  object space 65536K, 11% used [0x00000000a0000000,0x00000000a071b2e8,0x00000000a4000000)
 Metaspace       used 18999K, capacity 19446K, committed 19584K, reserved 1067008K
  class space    used 2724K, capacity 2893K, committed 2944K, reserved 1048576K
Event: 5.047 GC heap after
Heap after GC invocations=6 (full 0):
 PSYoungGen      total 58368K, used 7034K [0x00000000e0000000, 0x00000000e4200000, 0x0000000100000000)
  eden space 49152K, 0% used [0x00000000e0000000,0x00000000e0000000,0x00000000e3000000)
  from space 9216K, 76% used [0x00000000e3900000,0x00000000e3fdeab0,0x00000000e4200000)
  to   space 9216K, 0% used [0x00000000e3000000,0x00000000e3000000,0x00000000e3900000)
 ParOldGen       total 65536K, used 7284K [0x00000000a0000000, 0x00000000a4000000, 0x00000000e0000000)
  object space 65536K, 11% used [0x00000000a0000000,0x00000000a071d2e8,0x00000000a4000000)
 Metaspace       used 18999K, capacity 19446K, committed 19584K, reserved 1067008K
  class space    used 2724K, capacity 2893K, committed 2944K, reserved 1048576K
}
Event: 5.300 GC heap before
{Heap before GC invocations=7 (full 0):
 PSYoungGen      total 58368K, used 16830K [0x00000000e0000000, 0x00000000e4200000, 0x0000000100000000)
  eden space 49152K, 19% used [0x00000000e0000000,0x00000000e0990f88,0x00000000e3000000)
  from space 9216K, 76% used [0x00000000e3900000,0x00000000e3fdeab0,0x00000000e4200000)
  to   space 9216K, 0% used [0x00000000e3000000,0x00000000e3000000,0x00000000e3900000)
 ParOldGen       total 65536K, used 7284K [0x00000000a0000000, 0x00000000a4000000, 0x00000000e0000000)
  object space 65536K, 11% used [0x00000000a0000000,0x00000000a071d2e8,0x00000000a4000000)
 Metaspace       used 20787K, capacity 21206K, committed 21248K, reserved 1067008K
  class space    used 2884K, capacity 3053K, committed 3072K, reserved 1048576K
Event: 5.311 GC heap after
Heap after GC invocations=7 (full 0):
 PSYoungGen      total 58368K, used 4749K [0x00000000e0000000, 0x00000000e7200000, 0x0000000100000000)
  eden space 49152K, 0% used [0x00000000e0000000,0x00000000e0000000,0x00000000e3000000)
  from space 9216K, 51% used [0x00000000e3000000,0x00000000e34a3780,0x00000000e3900000)
  to   space 9216K, 0% used [0x00000000e6900000,0x00000000e6900000,0x00000000e7200000)
 ParOldGen       total 65536K, used 9186K [0x00000000a0000000, 0x00000000a4000000, 0x00000000e0000000)
  object space 65536K, 14% used [0x00000000a0000000,0x00000000a08f89b8,0x00000000a4000000)
 Metaspace       used 20787K, capacity 21206K, committed 21248K, reserved 1067008K
  class space    used 2884K, capacity 3053K, committed 3072K, reserved 1048576K
}
Event: 5.311 GC heap before
{Heap before GC invocations=8 (full 1):
 PSYoungGen      total 58368K, used 4749K [0x00000000e0000000, 0x00000000e7200000, 0x0000000100000000)
  eden space 49152K, 0% used [0x00000000e0000000,0x00000000e0000000,0x00000000e3000000)
  from space 9216K, 51% used [0x00000000e3000000,0x00000000e34a3780,0x00000000e3900000)
  to   space 9216K, 0% used [0x00000000e6900000,0x00000000e6900000,0x00000000e7200000)
 ParOldGen       total 65536K, used 9186K [0x00000000a0000000, 0x00000000a4000000, 0x00000000e0000000)
  object space 65536K, 14% used [0x00000000a0000000,0x00000000a08f89b8,0x00000000a4000000)
 Metaspace       used 20787K, capacity 21206K, committed 21248K, reserved 1067008K
  class space    used 2884K, capacity 3053K, committed 3072K, reserved 1048576K
Event: 5.364 GC heap after
Heap after GC invocations=8 (full 1):
 PSYoungGen      total 58368K, used 0K [0x00000000e0000000, 0x00000000e7200000, 0x0000000100000000)
  eden space 49152K, 0% used [0x00000000e0000000,0x00000000e0000000,0x00000000e3000000)
  from space 9216K, 0% used [0x00000000e3000000,0x00000000e3000000,0x00000000e3900000)
  to   space 9216K, 0% used [0x00000000e6900000,0x00000000e6900000,0x00000000e7200000)
 ParOldGen       total 44544K, used 7676K [0x00000000a0000000, 0x00000000a2b80000, 0x00000000e0000000)
  object space 44544K, 17% used [0x00000000a0000000,0x00000000a077f068,0x00000000a2b80000)
 Metaspace       used 20787K, capacity 21206K, committed 21248K, reserved 1067008K
  class space    used 2884K, capacity 3053K, committed 3072K, reserved 1048576K
}
Event: 6.173 GC heap before
{Heap before GC invocations=9 (full 1):
 PSYoungGen      total 58368K, used 49152K [0x00000000e0000000, 0x00000000e7200000, 0x0000000100000000)
  eden space 49152K, 100% used [0x00000000e0000000,0x00000000e3000000,0x00000000e3000000)
  from space 9216K, 0% used [0x00000000e3000000,0x00000000e3000000,0x00000000e3900000)
  to   space 9216K, 0% used [0x00000000e6900000,0x00000000e6900000,0x00000000e7200000)
 ParOldGen       total 44544K, used 7676K [0x00000000a0000000, 0x00000000a2b80000, 0x00000000e0000000)
  object space 44544K, 17% used [0x00000000a0000000,0x00000000a077f068,0x00000000a2b80000)
 Metaspace       used 26377K, capacity 26892K, committed 27136K, reserved 1073152K
  class space    used 3576K, capacity 3768K, committed 3840K, reserved 1048576K
Event: 6.184 GC heap after
Heap after GC invocations=9 (full 1):
 PSYoungGen      total 87040K, used 5490K [0x00000000e0000000, 0x00000000e6e80000, 0x0000000100000000)
  eden space 81408K, 0% used [0x00000000e0000000,0x00000000e0000000,0x00000000e4f80000)
  from space 5632K, 97% used [0x00000000e6900000,0x00000000e6e5ca88,0x00000000e6e80000)
  to   space 8704K, 0% used [0x00000000e5d80000,0x00000000e5d80000,0x00000000e6600000)
 ParOldGen       total 44544K, used 7684K [0x00000000a0000000, 0x00000000a2b80000, 0x00000000e0000000)
  object space 44544K, 17% used [0x00000000a0000000,0x00000000a0781068,0x00000000a2b80000)
 Metaspace       used 26377K, capacity 26892K, committed 27136K, reserved 1073152K
  class space    used 3576K, capacity 3768K, committed 3840K, reserved 1048576K
}

