# JRE version: OpenJDK Runtime Environment (8.0_202-b03) (build 1.8.0_202-release-1483-b03)
# Java VM: OpenJDK 64-Bit Server VM (25.202-b03 mixed mode windows-amd64 compressed oops)
Heap:
 PSYoungGen      total 82944K, used 12043K [0x00000000e0000000, 0x00000000e6a00000, 0x0000000100000000)
  eden space 77824K, 15% used [0x00000000e0000000,0x00000000e0bc2d30,0x00000000e4c00000)
  from space 5120K, 0% used [0x00000000e6500000,0x00000000e6500000,0x00000000e6a00000)
  to   space 8192K, 0% used [0x00000000e5d00000,0x00000000e5d00000,0x00000000e6500000)
 ParOldGen       total 56320K, used 14005K [0x00000000a0000000, 0x00000000a3700000, 0x00000000e0000000)
  object space 56320K, 24% used [0x00000000a0000000,0x00000000a0dad6e0,0x00000000a3700000)
 Metaspace       used 35257K, capacity 35866K, committed 36352K, reserved 1081344K
  class space    used 4761K, capacity 4972K, committed 5120K, reserved 1048576K
GC Heap History (10 events):
Event: 12.471 GC heap before
{Heap before GC invocations=10 (full 1):
 PSYoungGen      total 82944K, used 82916K [0x00000000e0000000, 0x00000000e6a00000, 0x0000000100000000)
  eden space 77824K, 100% used [0x00000000e0000000,0x00000000e4c00000,0x00000000e4c00000)
  from space 5120K, 99% used [0x00000000e6500000,0x00000000e69f90a0,0x00000000e6a00000)
  to   space 8192K, 0% used [0x00000000e5d00000,0x00000000e5d00000,0x00000000e6500000)
 ParOldGen       total 47616K, used 13917K [0x00000000a0000000, 0x00000000a2e80000, 0x00000000e0000000)
  object space 47616K, 29% used [0x00000000a0000000,0x00000000a0d97470,0x00000000a2e80000)
 Metaspace       used 33747K, capacity 34396K, committed 34816K, reserved 1079296K
  class space    used 4537K, capacity 4760K, committed 4864K, reserved 1048576K
Event: 12.485 GC heap after
Heap after GC invocations=10 (full 1):
 PSYoungGen      total 86016K, used 8105K [0x00000000e0000000, 0x00000000e6a00000, 0x0000000100000000)
  eden space 77824K, 0% used [0x00000000e0000000,0x00000000e0000000,0x00000000e4c00000)
  from space 8192K, 98% used [0x00000000e5d00000,0x00000000e64ea438,0x00000000e6500000)
  to   space 5120K, 0% used [0x00000000e6500000,0x00000000e6500000,0x00000000e6a00000)
 ParOldGen       total 47616K, used 13925K [0x00000000a0000000, 0x00000000a2e80000, 0x00000000e0000000)
  object space 47616K, 29% used [0x00000000a0000000,0x00000000a0d99470,0x00000000a2e80000)
 Metaspace       used 33747K, capacity 34396K, committed 34816K, reserved 1079296K
  class space    used 4537K, capacity 4760K, committed 4864K, reserved 1048576K
}
Event: 13.119 GC heap before
{Heap before GC invocations=11 (full 1):
 PSYoungGen      total 86016K, used 85929K [0x00000000e0000000, 0x00000000e6a00000, 0x0000000100000000)
  eden space 77824K, 100% used [0x00000000e0000000,0x00000000e4c00000,0x00000000e4c00000)
  from space 8192K, 98% used [0x00000000e5d00000,0x00000000e64ea438,0x00000000e6500000)
  to   space 5120K, 0% used [0x00000000e6500000,0x00000000e6500000,0x00000000e6a00000)
 ParOldGen       total 47616K, used 13925K [0x00000000a0000000, 0x00000000a2e80000, 0x00000000e0000000)
  object space 47616K, 29% used [0x00000000a0000000,0x00000000a0d99470,0x00000000a2e80000)
 Metaspace       used 33776K, capacity 34396K, committed 34816K, reserved 1079296K
  class space    used 4543K, capacity 4760K, committed 4864K, reserved 1048576K
Event: 13.129 GC heap after
Heap after GC invocations=11 (full 1):
 PSYoungGen      total 82944K, used 5110K [0x00000000e0000000, 0x00000000e6a00000, 0x0000000100000000)
  eden space 77824K, 0% used [0x00000000e0000000,0x00000000e0000000,0x00000000e4c00000)
  from space 5120K, 99% used [0x00000000e6500000,0x00000000e69fdbc8,0x00000000e6a00000)
  to   space 8192K, 0% used [0x00000000e5d00000,0x00000000e5d00000,0x00000000e6500000)
 ParOldGen       total 47616K, used 18861K [0x00000000a0000000, 0x00000000a2e80000, 0x00000000e0000000)
  object space 47616K, 39% used [0x00000000a0000000,0x00000000a126b5a0,0x00000000a2e80000)
 Metaspace       used 33776K, capacity 34396K, committed 34816K, reserved 1079296K
  class space    used 4543K, capacity 4760K, committed 4864K, reserved 1048576K
}
Event: 14.008 GC heap before
{Heap before GC invocations=12 (full 1):
 PSYoungGen      total 82944K, used 82934K [0x00000000e0000000, 0x00000000e6a00000, 0x0000000100000000)
  eden space 77824K, 100% used [0x00000000e0000000,0x00000000e4c00000,0x00000000e4c00000)
  from space 5120K, 99% used [0x00000000e6500000,0x00000000e69fdbc8,0x00000000e6a00000)
  to   space 8192K, 0% used [0x00000000e5d00000,0x00000000e5d00000,0x00000000e6500000)
 ParOldGen       total 47616K, used 18861K [0x00000000a0000000, 0x00000000a2e80000, 0x00000000e0000000)
  object space 47616K, 39% used [0x00000000a0000000,0x00000000a126b5a0,0x00000000a2e80000)
 Metaspace       used 34614K, capacity 35248K, committed 35456K, reserved 1079296K
  class space    used 4664K, capacity 4871K, committed 4992K, reserved 1048576K
Event: 14.013 GC heap after
Heap after GC invocations=12 (full 1):
 PSYoungGen      total 86016K, used 1504K [0x00000000e0000000, 0x00000000e6a00000, 0x0000000100000000)
  eden space 77824K, 0% used [0x00000000e0000000,0x00000000e0000000,0x00000000e4c00000)
  from space 8192K, 18% used [0x00000000e5d00000,0x00000000e5e78190,0x00000000e6500000)
  to   space 5120K, 0% used [0x00000000e6500000,0x00000000e6500000,0x00000000e6a00000)
 ParOldGen       total 47616K, used 20285K [0x00000000a0000000, 0x00000000a2e80000, 0x00000000e0000000)
  object space 47616K, 42% used [0x00000000a0000000,0x00000000a13cf660,0x00000000a2e80000)
 Metaspace       used 34614K, capacity 35248K, committed 35456K, reserved 1079296K
  class space    used 4664K, capacity 4871K, committed 4992K, reserved 1048576K
}
Event: 14.020 GC heap before
{Heap before GC invocations=13 (full 1):
 PSYoungGen      total 86016K, used 3048K [0x00000000e0000000, 0x00000000e6a00000, 0x0000000100000000)
  eden space 77824K, 1% used [0x00000000e0000000,0x00000000e0181e88,0x00000000e4c00000)
  from space 8192K, 18% used [0x00000000e5d00000,0x00000000e5e78190,0x00000000e6500000)
  to   space 5120K, 0% used [0x00000000e6500000,0x00000000e6500000,0x00000000e6a00000)
 ParOldGen       total 47616K, used 20285K [0x00000000a0000000, 0x00000000a2e80000, 0x00000000e0000000)
  object space 47616K, 42% used [0x00000000a0000000,0x00000000a13cf660,0x00000000a2e80000)
 Metaspace       used 34678K, capacity 35280K, committed 35456K, reserved 1079296K
  class space    used 4669K, capacity 4903K, committed 4992K, reserved 1048576K
Event: 14.024 GC heap after
Heap after GC invocations=13 (full 1):
 PSYoungGen      total 82944K, used 215K [0x00000000e0000000, 0x00000000e6a00000, 0x0000000100000000)
  eden space 77824K, 0% used [0x00000000e0000000,0x00000000e0000000,0x00000000e4c00000)
  from space 5120K, 4% used [0x00000000e6500000,0x00000000e6535ec0,0x00000000e6a00000)
  to   space 8192K, 0% used [0x00000000e5d00000,0x00000000e5d00000,0x00000000e6500000)
 ParOldGen       total 47616K, used 21125K [0x00000000a0000000, 0x00000000a2e80000, 0x00000000e0000000)
  object space 47616K, 44% used [0x00000000a0000000,0x00000000a14a16c0,0x00000000a2e80000)
 Metaspace       used 34678K, capacity 35280K, committed 35456K, reserved 1079296K
  class space    used 4669K, capacity 4903K, committed 4992K, reserved 1048576K
}
Event: 14.024 GC heap before
{Heap before GC invocations=14 (full 2):
 PSYoungGen      total 82944K, used 215K [0x00000000e0000000, 0x00000000e6a00000, 0x0000000100000000)
  eden space 77824K, 0% used [0x00000000e0000000,0x00000000e0000000,0x00000000e4c00000)
  from space 5120K, 4% used [0x00000000e6500000,0x00000000e6535ec0,0x00000000e6a00000)
  to   space 8192K, 0% used [0x00000000e5d00000,0x00000000e5d00000,0x00000000e6500000)
 ParOldGen       total 47616K, used 21125K [0x00000000a0000000, 0x00000000a2e80000, 0x00000000e0000000)
  object space 47616K, 44% used [0x00000000a0000000,0x00000000a14a16c0,0x00000000a2e80000)
 Metaspace       used 34678K, capacity 35280K, committed 35456K, reserved 1079296K
  class space    used 4669K, capacity 4903K, committed 4992K, reserved 1048576K
Event: 14.092 GC heap after
Heap after GC invocations=14 (full 2):
 PSYoungGen      total 82944K, used 0K [0x00000000e0000000, 0x00000000e6a00000, 0x0000000100000000)
  eden space 77824K, 0% used [0x00000000e0000000,0x00000000e0000000,0x00000000e4c00000)
  from space 5120K, 0% used [0x00000000e6500000,0x00000000e6500000,0x00000000e6a00000)
  to   space 8192K, 0% used [0x00000000e5d00000,0x00000000e5d00000,0x00000000e6500000)
 ParOldGen       total 56320K, used 14005K [0x00000000a0000000, 0x00000000a3700000, 0x00000000e0000000)
  object space 56320K, 24% used [0x00000000a0000000,0x00000000a0dad6e0,0x00000000a3700000)
 Metaspace       used 34596K, capacity 35182K, committed 35456K, reserved 1079296K
  class space    used 4643K, capacity 4873K, committed 4992K, reserved 1048576K
}

