# JRE version: OpenJDK Runtime Environment (8.0_152-b01) (build 1.8.0_152-release-915-b01)
# Java VM: OpenJDK 64-Bit Server VM (25.152-b01 mixed mode windows-amd64 compressed oops)
Heap:
 PSYoungGen      total 274432K, used 184921K [0x00000000e0000000, 0x00000000f2a80000, 0x0000000100000000)
  eden space 254464K, 70% used [0x00000000e0000000,0x00000000eae78a00,0x00000000ef880000)
  from space 19968K, 31% used [0x00000000f1700000,0x00000000f1d1db30,0x00000000f2a80000)
  to   space 25600K, 0% used [0x00000000ef880000,0x00000000ef880000,0x00000000f1180000)
 ParOldGen       total 104448K, used 86359K [0x00000000a0000000, 0x00000000a6600000, 0x00000000e0000000)
  object space 104448K, 82% used [0x00000000a0000000,0x00000000a5455d08,0x00000000a6600000)
 Metaspace       used 82123K, capacity 87230K, committed 87296K, reserved 1124352K
  class space    used 10744K, capacity 12017K, committed 12032K, reserved 1048576K
GC Heap History (10 events):
Event: 92.443 GC heap before
{Heap before GC invocations=17 (full 3):
 PSYoungGen      total 174592K, used 160256K [0x00000000e0000000, 0x00000000ef300000, 0x0000000100000000)
  eden space 160256K, 100% used [0x00000000e0000000,0x00000000e9c80000,0x00000000e9c80000)
  from space 14336K, 0% used [0x00000000e9c80000,0x00000000e9c80000,0x00000000eaa80000)
  to   space 14336K, 0% used [0x00000000ee500000,0x00000000ee500000,0x00000000ef300000)
 ParOldGen       total 104448K, used 38237K [0x00000000a0000000, 0x00000000a6600000, 0x00000000e0000000)
  object space 104448K, 36% used [0x00000000a0000000,0x00000000a2557648,0x00000000a6600000)
 Metaspace       used 59448K, capacity 61746K, committed 61952K, reserved 1101824K
  class space    used 8256K, capacity 8870K, committed 8960K, reserved 1048576K
Event: 92.463 GC heap after
Heap after GC invocations=17 (full 3):
 PSYoungGen      total 210944K, used 13851K [0x00000000e0000000, 0x00000000ef300000, 0x0000000100000000)
  eden space 196608K, 0% used [0x00000000e0000000,0x00000000e0000000,0x00000000ec000000)
  from space 14336K, 96% used [0x00000000ee500000,0x00000000ef286e88,0x00000000ef300000)
  to   space 15872K, 0% used [0x00000000ed400000,0x00000000ed400000,0x00000000ee380000)
 ParOldGen       total 104448K, used 38245K [0x00000000a0000000, 0x00000000a6600000, 0x00000000e0000000)
  object space 104448K, 36% used [0x00000000a0000000,0x00000000a2559648,0x00000000a6600000)
 Metaspace       used 59448K, capacity 61746K, committed 61952K, reserved 1101824K
  class space    used 8256K, capacity 8870K, committed 8960K, reserved 1048576K
}
Event: 127.589 GC heap before
{Heap before GC invocations=18 (full 3):
 PSYoungGen      total 210944K, used 210459K [0x00000000e0000000, 0x00000000ef300000, 0x0000000100000000)
  eden space 196608K, 100% used [0x00000000e0000000,0x00000000ec000000,0x00000000ec000000)
  from space 14336K, 96% used [0x00000000ee500000,0x00000000ef286e88,0x00000000ef300000)
  to   space 15872K, 0% used [0x00000000ed400000,0x00000000ed400000,0x00000000ee380000)
 ParOldGen       total 104448K, used 38245K [0x00000000a0000000, 0x00000000a6600000, 0x00000000e0000000)
  object space 104448K, 36% used [0x00000000a0000000,0x00000000a2559648,0x00000000a6600000)
 Metaspace       used 66807K, capacity 69842K, committed 70016K, reserved 1110016K
  class space    used 8965K, capacity 9769K, committed 9856K, reserved 1048576K
Event: 127.627 GC heap after
Heap after GC invocations=18 (full 3):
 PSYoungGen      total 232960K, used 15841K [0x00000000e0000000, 0x00000000f0f00000, 0x0000000100000000)
  eden space 217088K, 0% used [0x00000000e0000000,0x00000000e0000000,0x00000000ed400000)
  from space 15872K, 99% used [0x00000000ed400000,0x00000000ee3787a8,0x00000000ee380000)
  to   space 21504K, 0% used [0x00000000efa00000,0x00000000efa00000,0x00000000f0f00000)
 ParOldGen       total 104448K, used 47271K [0x00000000a0000000, 0x00000000a6600000, 0x00000000e0000000)
  object space 104448K, 45% used [0x00000000a0000000,0x00000000a2e29f98,0x00000000a6600000)
 Metaspace       used 66807K, capacity 69842K, committed 70016K, reserved 1110016K
  class space    used 8965K, capacity 9769K, committed 9856K, reserved 1048576K
}
Event: 162.783 GC heap before
{Heap before GC invocations=19 (full 3):
 PSYoungGen      total 232960K, used 232929K [0x00000000e0000000, 0x00000000f0f00000, 0x0000000100000000)
  eden space 217088K, 100% used [0x00000000e0000000,0x00000000ed400000,0x00000000ed400000)
  from space 15872K, 99% used [0x00000000ed400000,0x00000000ee3787a8,0x00000000ee380000)
  to   space 21504K, 0% used [0x00000000efa00000,0x00000000efa00000,0x00000000f0f00000)
 ParOldGen       total 104448K, used 47271K [0x00000000a0000000, 0x00000000a6600000, 0x00000000e0000000)
  object space 104448K, 45% used [0x00000000a0000000,0x00000000a2e29f98,0x00000000a6600000)
 Metaspace       used 72527K, capacity 75898K, committed 76032K, reserved 1114112K
  class space    used 9586K, capacity 10442K, committed 10496K, reserved 1048576K
Event: 162.844 GC heap after
Heap after GC invocations=19 (full 3):
 PSYoungGen      total 256000K, used 12962K [0x00000000e0000000, 0x00000000f2000000, 0x0000000100000000)
  eden space 234496K, 0% used [0x00000000e0000000,0x00000000e0000000,0x00000000ee500000)
  from space 21504K, 60% used [0x00000000efa00000,0x00000000f06a8970,0x00000000f0f00000)
  to   space 21504K, 0% used [0x00000000ee500000,0x00000000ee500000,0x00000000efa00000)
 ParOldGen       total 104448K, used 62945K [0x00000000a0000000, 0x00000000a6600000, 0x00000000e0000000)
  object space 104448K, 60% used [0x00000000a0000000,0x00000000a3d784a0,0x00000000a6600000)
 Metaspace       used 72527K, capacity 75898K, committed 76032K, reserved 1114112K
  class space    used 9586K, capacity 10442K, committed 10496K, reserved 1048576K
}
Event: 166.337 GC heap before
{Heap before GC invocations=20 (full 3):
 PSYoungGen      total 256000K, used 247458K [0x00000000e0000000, 0x00000000f2000000, 0x0000000100000000)
  eden space 234496K, 100% used [0x00000000e0000000,0x00000000ee500000,0x00000000ee500000)
  from space 21504K, 60% used [0x00000000efa00000,0x00000000f06a8970,0x00000000f0f00000)
  to   space 21504K, 0% used [0x00000000ee500000,0x00000000ee500000,0x00000000efa00000)
 ParOldGen       total 104448K, used 62945K [0x00000000a0000000, 0x00000000a6600000, 0x00000000e0000000)
  object space 104448K, 60% used [0x00000000a0000000,0x00000000a3d784a0,0x00000000a6600000)
 Metaspace       used 78424K, capacity 82626K, committed 82944K, reserved 1120256K
  class space    used 10423K, capacity 11445K, committed 11520K, reserved 1048576K
Event: 166.369 GC heap after
Heap after GC invocations=20 (full 3):
 PSYoungGen      total 256000K, used 21493K [0x00000000e0000000, 0x00000000f3080000, 0x0000000100000000)
  eden space 234496K, 0% used [0x00000000e0000000,0x00000000e0000000,0x00000000ee500000)
  from space 21504K, 99% used [0x00000000ee500000,0x00000000ef9fd580,0x00000000efa00000)
  to   space 26112K, 0% used [0x00000000f1700000,0x00000000f1700000,0x00000000f3080000)
 ParOldGen       total 104448K, used 67117K [0x00000000a0000000, 0x00000000a6600000, 0x00000000e0000000)
  object space 104448K, 64% used [0x00000000a0000000,0x00000000a418b5b0,0x00000000a6600000)
 Metaspace       used 78424K, capacity 82626K, committed 82944K, reserved 1120256K
  class space    used 10423K, capacity 11445K, committed 11520K, reserved 1048576K
}
Event: 372.132 GC heap before
{Heap before GC invocations=21 (full 3):
 PSYoungGen      total 256000K, used 255989K [0x00000000e0000000, 0x00000000f3080000, 0x0000000100000000)
  eden space 234496K, 100% used [0x00000000e0000000,0x00000000ee500000,0x00000000ee500000)
  from space 21504K, 99% used [0x00000000ee500000,0x00000000ef9fd580,0x00000000efa00000)
  to   space 26112K, 0% used [0x00000000f1700000,0x00000000f1700000,0x00000000f3080000)
 ParOldGen       total 104448K, used 67117K [0x00000000a0000000, 0x00000000a6600000, 0x00000000e0000000)
  object space 104448K, 64% used [0x00000000a0000000,0x00000000a418b5b0,0x00000000a6600000)
 Metaspace       used 81649K, capacity 86696K, committed 87040K, reserved 1124352K
  class space    used 10703K, capacity 11906K, committed 12032K, reserved 1048576K
Event: 372.168 GC heap after
Heap after GC invocations=21 (full 3):
 PSYoungGen      total 274432K, used 6262K [0x00000000e0000000, 0x00000000f2a80000, 0x0000000100000000)
  eden space 254464K, 0% used [0x00000000e0000000,0x00000000e0000000,0x00000000ef880000)
  from space 19968K, 31% used [0x00000000f1700000,0x00000000f1d1db30,0x00000000f2a80000)
  to   space 25600K, 0% used [0x00000000ef880000,0x00000000ef880000,0x00000000f1180000)
 ParOldGen       total 104448K, used 86359K [0x00000000a0000000, 0x00000000a6600000, 0x00000000e0000000)
  object space 104448K, 82% used [0x00000000a0000000,0x00000000a5455d08,0x00000000a6600000)
 Metaspace       used 81649K, capacity 86696K, committed 87040K, reserved 1124352K
  class space    used 10703K, capacity 11906K, committed 12032K, reserved 1048576K
}

