# JRE version: OpenJDK Runtime Environment (8.0_202-b03) (build 1.8.0_202-release-1483-b03)
# Java VM: OpenJDK 64-Bit Server VM (25.202-b03 mixed mode windows-amd64 compressed oops)
Heap:
 PSYoungGen      total 102400K, used 27365K [0x00000000e0000000, 0x00000000e6800000, 0x0000000100000000)
  eden space 98304K, 27% used [0x00000000e0000000,0x00000000e1ab9500,0x00000000e6000000)
  from space 4096K, 0% used [0x00000000e6000000,0x00000000e6000000,0x00000000e6400000)
  to   space 4096K, 0% used [0x00000000e6400000,0x00000000e6400000,0x00000000e6800000)
 ParOldGen       total 76288K, used 16865K [0x00000000a0000000, 0x00000000a4a80000, 0x00000000e0000000)
  object space 76288K, 22% used [0x00000000a0000000,0x00000000a10785a0,0x00000000a4a80000)
 Metaspace       used 35783K, capacity 36376K, committed 36648K, reserved 1081344K
  class space    used 4857K, capacity 5084K, committed 5168K, reserved 1048576K
GC Heap History (10 events):
Event: 7.207 GC heap before
{Heap before GC invocations=7 (full 1):
 PSYoungGen      total 102400K, used 98304K [0x00000000e0000000, 0x00000000e6800000, 0x0000000100000000)
  eden space 98304K, 100% used [0x00000000e0000000,0x00000000e6000000,0x00000000e6000000)
  from space 4096K, 0% used [0x00000000e6000000,0x00000000e6000000,0x00000000e6400000)
  to   space 4096K, 0% used [0x00000000e6400000,0x00000000e6400000,0x00000000e6800000)
 ParOldGen       total 52736K, used 12131K [0x00000000a0000000, 0x00000000a3380000, 0x00000000e0000000)
  object space 52736K, 23% used [0x00000000a0000000,0x00000000a0bd8e20,0x00000000a3380000)
 Metaspace       used 27100K, capacity 27556K, committed 27824K, reserved 1073152K
  class space    used 3800K, capacity 3967K, committed 4016K, reserved 1048576K
Event: 7.216 GC heap after
Heap after GC invocations=7 (full 1):
 PSYoungGen      total 102400K, used 4096K [0x00000000e0000000, 0x00000000e6800000, 0x0000000100000000)
  eden space 98304K, 0% used [0x00000000e0000000,0x00000000e0000000,0x00000000e6000000)
  from space 4096K, 100% used [0x00000000e6400000,0x00000000e6800000,0x00000000e6800000)
  to   space 4096K, 0% used [0x00000000e6000000,0x00000000e6000000,0x00000000e6400000)
 ParOldGen       total 52736K, used 16408K [0x00000000a0000000, 0x00000000a3380000, 0x00000000e0000000)
  object space 52736K, 31% used [0x00000000a0000000,0x00000000a1006330,0x00000000a3380000)
 Metaspace       used 27100K, capacity 27556K, committed 27824K, reserved 1073152K
  class space    used 3800K, capacity 3967K, committed 4016K, reserved 1048576K
}
Event: 8.709 GC heap before
{Heap before GC invocations=8 (full 1):
 PSYoungGen      total 102400K, used 102400K [0x00000000e0000000, 0x00000000e6800000, 0x0000000100000000)
  eden space 98304K, 100% used [0x00000000e0000000,0x00000000e6000000,0x00000000e6000000)
  from space 4096K, 100% used [0x00000000e6400000,0x00000000e6800000,0x00000000e6800000)
  to   space 4096K, 0% used [0x00000000e6000000,0x00000000e6000000,0x00000000e6400000)
 ParOldGen       total 52736K, used 16408K [0x00000000a0000000, 0x00000000a3380000, 0x00000000e0000000)
  object space 52736K, 31% used [0x00000000a0000000,0x00000000a1006330,0x00000000a3380000)
 Metaspace       used 27126K, capacity 27620K, committed 27824K, reserved 1073152K
  class space    used 3802K, capacity 3967K, committed 4016K, reserved 1048576K
Event: 8.720 GC heap after
Heap after GC invocations=8 (full 1):
 PSYoungGen      total 102400K, used 4091K [0x00000000e0000000, 0x00000000e6800000, 0x0000000100000000)
  eden space 98304K, 0% used [0x00000000e0000000,0x00000000e0000000,0x00000000e6000000)
  from space 4096K, 99% used [0x00000000e6000000,0x00000000e63fec68,0x00000000e6400000)
  to   space 4096K, 0% used [0x00000000e6400000,0x00000000e6400000,0x00000000e6800000)
 ParOldGen       total 52736K, used 21928K [0x00000000a0000000, 0x00000000a3380000, 0x00000000e0000000)
  object space 52736K, 41% used [0x00000000a0000000,0x00000000a156a160,0x00000000a3380000)
 Metaspace       used 27126K, capacity 27620K, committed 27824K, reserved 1073152K
  class space    used 3802K, capacity 3967K, committed 4016K, reserved 1048576K
}
Event: 10.786 GC heap before
{Heap before GC invocations=9 (full 1):
 PSYoungGen      total 102400K, used 102395K [0x00000000e0000000, 0x00000000e6800000, 0x0000000100000000)
  eden space 98304K, 100% used [0x00000000e0000000,0x00000000e6000000,0x00000000e6000000)
  from space 4096K, 99% used [0x00000000e6000000,0x00000000e63fec68,0x00000000e6400000)
  to   space 4096K, 0% used [0x00000000e6400000,0x00000000e6400000,0x00000000e6800000)
 ParOldGen       total 52736K, used 21928K [0x00000000a0000000, 0x00000000a3380000, 0x00000000e0000000)
  object space 52736K, 41% used [0x00000000a0000000,0x00000000a156a160,0x00000000a3380000)
 Metaspace       used 33024K, capacity 33728K, committed 33968K, reserved 1079296K
  class space    used 4428K, capacity 4675K, committed 4784K, reserved 1048576K
Event: 10.801 GC heap after
Heap after GC invocations=9 (full 1):
 PSYoungGen      total 102400K, used 4096K [0x00000000e0000000, 0x00000000e6800000, 0x0000000100000000)
  eden space 98304K, 0% used [0x00000000e0000000,0x00000000e0000000,0x00000000e6000000)
  from space 4096K, 100% used [0x00000000e6400000,0x00000000e6800000,0x00000000e6800000)
  to   space 4096K, 0% used [0x00000000e6000000,0x00000000e6000000,0x00000000e6400000)
 ParOldGen       total 52736K, used 28155K [0x00000000a0000000, 0x00000000a3380000, 0x00000000e0000000)
  object space 52736K, 53% used [0x00000000a0000000,0x00000000a1b7edf8,0x00000000a3380000)
 Metaspace       used 33024K, capacity 33728K, committed 33968K, reserved 1079296K
  class space    used 4428K, capacity 4675K, committed 4784K, reserved 1048576K
}
Event: 11.426 GC heap before
{Heap before GC invocations=10 (full 1):
 PSYoungGen      total 102400K, used 39947K [0x00000000e0000000, 0x00000000e6800000, 0x0000000100000000)
  eden space 98304K, 36% used [0x00000000e0000000,0x00000000e2302d48,0x00000000e6000000)
  from space 4096K, 100% used [0x00000000e6400000,0x00000000e6800000,0x00000000e6800000)
  to   space 4096K, 0% used [0x00000000e6000000,0x00000000e6000000,0x00000000e6400000)
 ParOldGen       total 52736K, used 28155K [0x00000000a0000000, 0x00000000a3380000, 0x00000000e0000000)
  object space 52736K, 53% used [0x00000000a0000000,0x00000000a1b7edf8,0x00000000a3380000)
 Metaspace       used 34694K, capacity 35324K, committed 35496K, reserved 1079296K
  class space    used 4713K, capacity 4950K, committed 5040K, reserved 1048576K
Event: 11.441 GC heap after
Heap after GC invocations=10 (full 1):
 PSYoungGen      total 102400K, used 4069K [0x00000000e0000000, 0x00000000e6800000, 0x0000000100000000)
  eden space 98304K, 0% used [0x00000000e0000000,0x00000000e0000000,0x00000000e6000000)
  from space 4096K, 99% used [0x00000000e6000000,0x00000000e63f9658,0x00000000e6400000)
  to   space 4096K, 0% used [0x00000000e6400000,0x00000000e6400000,0x00000000e6800000)
 ParOldGen       total 52736K, used 31597K [0x00000000a0000000, 0x00000000a3380000, 0x00000000e0000000)
  object space 52736K, 59% used [0x00000000a0000000,0x00000000a1edb508,0x00000000a3380000)
 Metaspace       used 34694K, capacity 35324K, committed 35496K, reserved 1079296K
  class space    used 4713K, capacity 4950K, committed 5040K, reserved 1048576K
}
Event: 11.441 GC heap before
{Heap before GC invocations=11 (full 2):
 PSYoungGen      total 102400K, used 4069K [0x00000000e0000000, 0x00000000e6800000, 0x0000000100000000)
  eden space 98304K, 0% used [0x00000000e0000000,0x00000000e0000000,0x00000000e6000000)
  from space 4096K, 99% used [0x00000000e6000000,0x00000000e63f9658,0x00000000e6400000)
  to   space 4096K, 0% used [0x00000000e6400000,0x00000000e6400000,0x00000000e6800000)
 ParOldGen       total 52736K, used 31597K [0x00000000a0000000, 0x00000000a3380000, 0x00000000e0000000)
  object space 52736K, 59% used [0x00000000a0000000,0x00000000a1edb508,0x00000000a3380000)
 Metaspace       used 34694K, capacity 35324K, committed 35496K, reserved 1079296K
  class space    used 4713K, capacity 4950K, committed 5040K, reserved 1048576K
Event: 11.531 GC heap after
Heap after GC invocations=11 (full 2):
 PSYoungGen      total 102400K, used 0K [0x00000000e0000000, 0x00000000e6800000, 0x0000000100000000)
  eden space 98304K, 0% used [0x00000000e0000000,0x00000000e0000000,0x00000000e6000000)
  from space 4096K, 0% used [0x00000000e6000000,0x00000000e6000000,0x00000000e6400000)
  to   space 4096K, 0% used [0x00000000e6400000,0x00000000e6400000,0x00000000e6800000)
 ParOldGen       total 76288K, used 16865K [0x00000000a0000000, 0x00000000a4a80000, 0x00000000e0000000)
  object space 76288K, 22% used [0x00000000a0000000,0x00000000a10785a0,0x00000000a4a80000)
 Metaspace       used 34658K, capacity 35204K, committed 35496K, reserved 1079296K
  class space    used 4704K, capacity 4910K, committed 5040K, reserved 1048576K
}

