# JRE version: OpenJDK Runtime Environment (8.0_202-b03) (build 1.8.0_202-release-1483-b03)
# Java VM: OpenJDK 64-Bit Server VM (25.202-b03 mixed mode windows-amd64 compressed oops)
Heap:
 PSYoungGen      total 469504K, used 188112K [0x00000000e0000000, 0x0000000100000000, 0x0000000100000000)
  eden space 441344K, 36% used [0x00000000e0000000,0x00000000e9c3a260,0x00000000faf00000)
  from space 28160K, 99% used [0x00000000faf00000,0x00000000fca7a008,0x00000000fca80000)
  to   space 43520K, 0% used [0x00000000fd580000,0x00000000fd580000,0x0000000100000000)
 ParOldGen       total 229376K, used 108644K [0x00000000a0000000, 0x00000000ae000000, 0x00000000e0000000)
  object space 229376K, 47% used [0x00000000a0000000,0x00000000a6a19390,0x00000000ae000000)
 Metaspace       used 89010K, capacity 92520K, committed 92712K, reserved 1130496K
  class space    used 11314K, capacity 12010K, committed 12080K, reserved 1048576K
GC Heap History (10 events):
Event: 97.742 GC heap before
{Heap before GC invocations=70 (full 6):
 PSYoungGen      total 496128K, used 479808K [0x00000000e0000000, 0x00000000ffe80000, 0x0000000100000000)
  eden space 470528K, 100% used [0x00000000e0000000,0x00000000fcb80000,0x00000000fcb80000)
  from space 25600K, 36% used [0x00000000fcb80000,0x00000000fd490000,0x00000000fe480000)
  to   space 24064K, 0% used [0x00000000fe700000,0x00000000fe700000,0x00000000ffe80000)
 ParOldGen       total 192512K, used 134693K [0x00000000a0000000, 0x00000000abc00000, 0x00000000e0000000)
  object space 192512K, 69% used [0x00000000a0000000,0x00000000a83897b8,0x00000000abc00000)
 Metaspace       used 75657K, capacity 78664K, committed 78760K, reserved 1118208K
  class space    used 10011K, capacity 10658K, committed 10672K, reserved 1048576K
Event: 97.770 GC heap after
Heap after GC invocations=70 (full 6):
 PSYoungGen      total 497664K, used 7904K [0x00000000e0000000, 0x00000000ffd80000, 0x0000000100000000)
  eden space 474624K, 0% used [0x00000000e0000000,0x00000000e0000000,0x00000000fcf80000)
  from space 23040K, 34% used [0x00000000fe700000,0x00000000feeb8000,0x00000000ffd80000)
  to   space 23552K, 0% used [0x00000000fcf80000,0x00000000fcf80000,0x00000000fe680000)
 ParOldGen       total 192512K, used 142910K [0x00000000a0000000, 0x00000000abc00000, 0x00000000e0000000)
  object space 192512K, 74% used [0x00000000a0000000,0x00000000a8b8fb20,0x00000000abc00000)
 Metaspace       used 75657K, capacity 78664K, committed 78760K, reserved 1118208K
  class space    used 10011K, capacity 10658K, committed 10672K, reserved 1048576K
}
Event: 102.608 GC heap before
{Heap before GC invocations=71 (full 6):
 PSYoungGen      total 497664K, used 482528K [0x00000000e0000000, 0x00000000ffd80000, 0x0000000100000000)
  eden space 474624K, 100% used [0x00000000e0000000,0x00000000fcf80000,0x00000000fcf80000)
  from space 23040K, 34% used [0x00000000fe700000,0x00000000feeb8000,0x00000000ffd80000)
  to   space 23552K, 0% used [0x00000000fcf80000,0x00000000fcf80000,0x00000000fe680000)
 ParOldGen       total 192512K, used 142910K [0x00000000a0000000, 0x00000000abc00000, 0x00000000e0000000)
  object space 192512K, 74% used [0x00000000a0000000,0x00000000a8b8fb20,0x00000000abc00000)
 Metaspace       used 76334K, capacity 79360K, committed 79656K, reserved 1118208K
  class space    used 10071K, capacity 10744K, committed 10800K, reserved 1048576K
Event: 102.718 GC heap after
Heap after GC invocations=71 (full 6):
 PSYoungGen      total 498176K, used 23550K [0x00000000e0000000, 0x0000000100000000, 0x0000000100000000)
  eden space 474624K, 0% used [0x00000000e0000000,0x00000000e0000000,0x00000000fcf80000)
  from space 23552K, 99% used [0x00000000fcf80000,0x00000000fe67f888,0x00000000fe680000)
  to   space 26112K, 0% used [0x00000000fe680000,0x00000000fe680000,0x0000000100000000)
 ParOldGen       total 192512K, used 189349K [0x00000000a0000000, 0x00000000abc00000, 0x00000000e0000000)
  object space 192512K, 98% used [0x00000000a0000000,0x00000000ab8e9618,0x00000000abc00000)
 Metaspace       used 76334K, capacity 79360K, committed 79656K, reserved 1118208K
  class space    used 10071K, capacity 10744K, committed 10800K, reserved 1048576K
}
Event: 102.718 GC heap before
{Heap before GC invocations=72 (full 7):
 PSYoungGen      total 498176K, used 23550K [0x00000000e0000000, 0x0000000100000000, 0x0000000100000000)
  eden space 474624K, 0% used [0x00000000e0000000,0x00000000e0000000,0x00000000fcf80000)
  from space 23552K, 99% used [0x00000000fcf80000,0x00000000fe67f888,0x00000000fe680000)
  to   space 26112K, 0% used [0x00000000fe680000,0x00000000fe680000,0x0000000100000000)
 ParOldGen       total 192512K, used 189349K [0x00000000a0000000, 0x00000000abc00000, 0x00000000e0000000)
  object space 192512K, 98% used [0x00000000a0000000,0x00000000ab8e9618,0x00000000abc00000)
 Metaspace       used 76334K, capacity 79360K, committed 79656K, reserved 1118208K
  class space    used 10071K, capacity 10744K, committed 10800K, reserved 1048576K
Event: 103.179 GC heap after
Heap after GC invocations=72 (full 7):
 PSYoungGen      total 498176K, used 0K [0x00000000e0000000, 0x0000000100000000, 0x0000000100000000)
  eden space 474624K, 0% used [0x00000000e0000000,0x00000000e0000000,0x00000000fcf80000)
  from space 23552K, 0% used [0x00000000fcf80000,0x00000000fcf80000,0x00000000fe680000)
  to   space 26112K, 0% used [0x00000000fe680000,0x00000000fe680000,0x0000000100000000)
 ParOldGen       total 229376K, used 108628K [0x00000000a0000000, 0x00000000ae000000, 0x00000000e0000000)
  object space 229376K, 47% used [0x00000000a0000000,0x00000000a6a15390,0x00000000ae000000)
 Metaspace       used 76334K, capacity 79360K, committed 79656K, reserved 1118208K
  class space    used 10071K, capacity 10744K, committed 10800K, reserved 1048576K
}
Event: 144.875 GC heap before
{Heap before GC invocations=73 (full 7):
 PSYoungGen      total 498176K, used 474624K [0x00000000e0000000, 0x0000000100000000, 0x0000000100000000)
  eden space 474624K, 100% used [0x00000000e0000000,0x00000000fcf80000,0x00000000fcf80000)
  from space 23552K, 0% used [0x00000000fcf80000,0x00000000fcf80000,0x00000000fe680000)
  to   space 26112K, 0% used [0x00000000fe680000,0x00000000fe680000,0x0000000100000000)
 ParOldGen       total 229376K, used 108628K [0x00000000a0000000, 0x00000000ae000000, 0x00000000e0000000)
  object space 229376K, 47% used [0x00000000a0000000,0x00000000a6a15390,0x00000000ae000000)
 Metaspace       used 85952K, capacity 89126K, committed 89384K, reserved 1126400K
  class space    used 11022K, capacity 11707K, committed 11824K, reserved 1048576K
Event: 144.926 GC heap after
Heap after GC invocations=73 (full 7):
 PSYoungGen      total 467456K, used 14286K [0x00000000e0000000, 0x0000000100000000, 0x0000000100000000)
  eden space 441344K, 0% used [0x00000000e0000000,0x00000000e0000000,0x00000000faf00000)
  from space 26112K, 54% used [0x00000000fe680000,0x00000000ff473880,0x0000000100000000)
  to   space 41472K, 0% used [0x00000000faf00000,0x00000000faf00000,0x00000000fd780000)
 ParOldGen       total 229376K, used 108636K [0x00000000a0000000, 0x00000000ae000000, 0x00000000e0000000)
  object space 229376K, 47% used [0x00000000a0000000,0x00000000a6a17390,0x00000000ae000000)
 Metaspace       used 85952K, capacity 89126K, committed 89384K, reserved 1126400K
  class space    used 11022K, capacity 11707K, committed 11824K, reserved 1048576K
}
Event: 156.280 GC heap before
{Heap before GC invocations=74 (full 7):
 PSYoungGen      total 467456K, used 455630K [0x00000000e0000000, 0x0000000100000000, 0x0000000100000000)
  eden space 441344K, 100% used [0x00000000e0000000,0x00000000faf00000,0x00000000faf00000)
  from space 26112K, 54% used [0x00000000fe680000,0x00000000ff473880,0x0000000100000000)
  to   space 41472K, 0% used [0x00000000faf00000,0x00000000faf00000,0x00000000fd780000)
 ParOldGen       total 229376K, used 108636K [0x00000000a0000000, 0x00000000ae000000, 0x00000000e0000000)
  object space 229376K, 47% used [0x00000000a0000000,0x00000000a6a17390,0x00000000ae000000)
 Metaspace       used 88299K, capacity 91712K, committed 91816K, reserved 1128448K
  class space    used 11200K, capacity 11876K, committed 11952K, reserved 1048576K
Event: 156.331 GC heap after
Heap after GC invocations=74 (full 7):
 PSYoungGen      total 469504K, used 28136K [0x00000000e0000000, 0x0000000100000000, 0x0000000100000000)
  eden space 441344K, 0% used [0x00000000e0000000,0x00000000e0000000,0x00000000faf00000)
  from space 28160K, 99% used [0x00000000faf00000,0x00000000fca7a008,0x00000000fca80000)
  to   space 43520K, 0% used [0x00000000fd580000,0x00000000fd580000,0x0000000100000000)
 ParOldGen       total 229376K, used 108644K [0x00000000a0000000, 0x00000000ae000000, 0x00000000e0000000)
  object space 229376K, 47% used [0x00000000a0000000,0x00000000a6a19390,0x00000000ae000000)
 Metaspace       used 88299K, capacity 91712K, committed 91816K, reserved 1128448K
  class space    used 11200K, capacity 11876K, committed 11952K, reserved 1048576K
}

