# JRE version: OpenJDK Runtime Environment (8.0_202-b03) (build 1.8.0_202-release-1483-b03)
# Java VM: OpenJDK 64-Bit Server VM (25.202-b03 mixed mode windows-amd64 compressed oops)
Heap:
 PSYoungGen      total 102912K, used 32673K [0x00000000e0000000, 0x00000000e8680000, 0x0000000100000000)
  eden space 94208K, 25% used [0x00000000e0000000,0x00000000e176d7c0,0x00000000e5c00000)
  from space 8704K, 99% used [0x00000000e5c00000,0x00000000e647b028,0x00000000e6480000)
  to   space 10240K, 0% used [0x00000000e7c80000,0x00000000e7c80000,0x00000000e8680000)
 ParOldGen       total 44032K, used 9892K [0x00000000a0000000, 0x00000000a2b00000, 0x00000000e0000000)
  object space 44032K, 22% used [0x00000000a0000000,0x00000000a09a90e8,0x00000000a2b00000)
 Metaspace       used 31923K, capacity 32600K, committed 32944K, reserved 1077248K
  class space    used 4448K, capacity 4684K, committed 4784K, reserved 1048576K
GC Heap History (10 events):
Event: 5.004 GC heap before
{Heap before GC invocations=6 (full 0):
 PSYoungGen      total 28672K, used 28656K [0x00000000e0000000, 0x00000000e4100000, 0x0000000100000000)
  eden space 24576K, 100% used [0x00000000e0000000,0x00000000e1800000,0x00000000e1800000)
  from space 4096K, 99% used [0x00000000e1800000,0x00000000e1bfc030,0x00000000e1c00000)
  to   space 8704K, 0% used [0x00000000e3880000,0x00000000e3880000,0x00000000e4100000)
 ParOldGen       total 65536K, used 7275K [0x00000000a0000000, 0x00000000a4000000, 0x00000000e0000000)
  object space 65536K, 11% used [0x00000000a0000000,0x00000000a071ad80,0x00000000a4000000)
 Metaspace       used 18867K, capacity 19356K, committed 19584K, reserved 1067008K
  class space    used 2725K, capacity 2926K, committed 2944K, reserved 1048576K
Event: 5.015 GC heap after
Heap after GC invocations=6 (full 0):
 PSYoungGen      total 57344K, used 7060K [0x00000000e0000000, 0x00000000e4200000, 0x0000000100000000)
  eden space 48640K, 0% used [0x00000000e0000000,0x00000000e0000000,0x00000000e2f80000)
  from space 8704K, 81% used [0x00000000e3880000,0x00000000e3f65298,0x00000000e4100000)
  to   space 9216K, 0% used [0x00000000e2f80000,0x00000000e2f80000,0x00000000e3880000)
 ParOldGen       total 65536K, used 7283K [0x00000000a0000000, 0x00000000a4000000, 0x00000000e0000000)
  object space 65536K, 11% used [0x00000000a0000000,0x00000000a071cd80,0x00000000a4000000)
 Metaspace       used 18867K, capacity 19356K, committed 19584K, reserved 1067008K
  class space    used 2725K, capacity 2926K, committed 2944K, reserved 1048576K
}
Event: 5.255 GC heap before
{Heap before GC invocations=7 (full 0):
 PSYoungGen      total 57344K, used 20092K [0x00000000e0000000, 0x00000000e4200000, 0x0000000100000000)
  eden space 48640K, 26% used [0x00000000e0000000,0x00000000e0cb9d88,0x00000000e2f80000)
  from space 8704K, 81% used [0x00000000e3880000,0x00000000e3f65298,0x00000000e4100000)
  to   space 9216K, 0% used [0x00000000e2f80000,0x00000000e2f80000,0x00000000e3880000)
 ParOldGen       total 65536K, used 7283K [0x00000000a0000000, 0x00000000a4000000, 0x00000000e0000000)
  object space 65536K, 11% used [0x00000000a0000000,0x00000000a071cd80,0x00000000a4000000)
 Metaspace       used 20798K, capacity 21250K, committed 21296K, reserved 1067008K
  class space    used 2906K, capacity 3088K, committed 3120K, reserved 1048576K
Event: 5.267 GC heap after
Heap after GC invocations=7 (full 0):
 PSYoungGen      total 57856K, used 5282K [0x00000000e0000000, 0x00000000e7100000, 0x0000000100000000)
  eden space 48640K, 0% used [0x00000000e0000000,0x00000000e0000000,0x00000000e2f80000)
  from space 9216K, 57% used [0x00000000e2f80000,0x00000000e34a8968,0x00000000e3880000)
  to   space 9216K, 0% used [0x00000000e6800000,0x00000000e6800000,0x00000000e7100000)
 ParOldGen       total 65536K, used 9009K [0x00000000a0000000, 0x00000000a4000000, 0x00000000e0000000)
  object space 65536K, 13% used [0x00000000a0000000,0x00000000a08cc440,0x00000000a4000000)
 Metaspace       used 20798K, capacity 21250K, committed 21296K, reserved 1067008K
  class space    used 2906K, capacity 3088K, committed 3120K, reserved 1048576K
}
Event: 5.267 GC heap before
{Heap before GC invocations=8 (full 1):
 PSYoungGen      total 57856K, used 5282K [0x00000000e0000000, 0x00000000e7100000, 0x0000000100000000)
  eden space 48640K, 0% used [0x00000000e0000000,0x00000000e0000000,0x00000000e2f80000)
  from space 9216K, 57% used [0x00000000e2f80000,0x00000000e34a8968,0x00000000e3880000)
  to   space 9216K, 0% used [0x00000000e6800000,0x00000000e6800000,0x00000000e7100000)
 ParOldGen       total 65536K, used 9009K [0x00000000a0000000, 0x00000000a4000000, 0x00000000e0000000)
  object space 65536K, 13% used [0x00000000a0000000,0x00000000a08cc440,0x00000000a4000000)
 Metaspace       used 20798K, capacity 21250K, committed 21296K, reserved 1067008K
  class space    used 2906K, capacity 3088K, committed 3120K, reserved 1048576K
Event: 5.314 GC heap after
Heap after GC invocations=8 (full 1):
 PSYoungGen      total 57856K, used 0K [0x00000000e0000000, 0x00000000e7100000, 0x0000000100000000)
  eden space 48640K, 0% used [0x00000000e0000000,0x00000000e0000000,0x00000000e2f80000)
  from space 9216K, 0% used [0x00000000e2f80000,0x00000000e2f80000,0x00000000e3880000)
  to   space 9216K, 0% used [0x00000000e6800000,0x00000000e6800000,0x00000000e7100000)
 ParOldGen       total 44032K, used 8068K [0x00000000a0000000, 0x00000000a2b00000, 0x00000000e0000000)
  object space 44032K, 18% used [0x00000000a0000000,0x00000000a07e11b8,0x00000000a2b00000)
 Metaspace       used 20798K, capacity 21250K, committed 21296K, reserved 1067008K
  class space    used 2906K, capacity 3088K, committed 3120K, reserved 1048576K
}
Event: 5.987 GC heap before
{Heap before GC invocations=9 (full 1):
 PSYoungGen      total 57856K, used 48640K [0x00000000e0000000, 0x00000000e7100000, 0x0000000100000000)
  eden space 48640K, 100% used [0x00000000e0000000,0x00000000e2f80000,0x00000000e2f80000)
  from space 9216K, 0% used [0x00000000e2f80000,0x00000000e2f80000,0x00000000e3880000)
  to   space 9216K, 0% used [0x00000000e6800000,0x00000000e6800000,0x00000000e7100000)
 ParOldGen       total 44032K, used 8068K [0x00000000a0000000, 0x00000000a2b00000, 0x00000000e0000000)
  object space 44032K, 18% used [0x00000000a0000000,0x00000000a07e11b8,0x00000000a2b00000)
 Metaspace       used 25712K, capacity 26150K, committed 26288K, reserved 1071104K
  class space    used 3577K, capacity 3738K, committed 3760K, reserved 1048576K
Event: 6.000 GC heap after
Heap after GC invocations=9 (full 1):
 PSYoungGen      total 88064K, used 5088K [0x00000000e0000000, 0x00000000e6d00000, 0x0000000100000000)
  eden space 82944K, 0% used [0x00000000e0000000,0x00000000e0000000,0x00000000e5100000)
  from space 5120K, 99% used [0x00000000e6800000,0x00000000e6cf8298,0x00000000e6d00000)
  to   space 8704K, 0% used [0x00000000e5c00000,0x00000000e5c00000,0x00000000e6480000)
 ParOldGen       total 44032K, used 8076K [0x00000000a0000000, 0x00000000a2b00000, 0x00000000e0000000)
  object space 44032K, 18% used [0x00000000a0000000,0x00000000a07e31b8,0x00000000a2b00000)
 Metaspace       used 25712K, capacity 26150K, committed 26288K, reserved 1071104K
  class space    used 3577K, capacity 3738K, committed 3760K, reserved 1048576K
}
Event: 7.312 GC heap before
{Heap before GC invocations=10 (full 1):
 PSYoungGen      total 88064K, used 88032K [0x00000000e0000000, 0x00000000e6d00000, 0x0000000100000000)
  eden space 82944K, 100% used [0x00000000e0000000,0x00000000e5100000,0x00000000e5100000)
  from space 5120K, 99% used [0x00000000e6800000,0x00000000e6cf8298,0x00000000e6d00000)
  to   space 8704K, 0% used [0x00000000e5c00000,0x00000000e5c00000,0x00000000e6480000)
 ParOldGen       total 44032K, used 8076K [0x00000000a0000000, 0x00000000a2b00000, 0x00000000e0000000)
  object space 44032K, 18% used [0x00000000a0000000,0x00000000a07e31b8,0x00000000a2b00000)
 Metaspace       used 30742K, capacity 31442K, committed 31664K, reserved 1077248K
  class space    used 4279K, capacity 4490K, committed 4528K, reserved 1048576K
Event: 7.328 GC heap after
Heap after GC invocations=10 (full 1):
 PSYoungGen      total 102912K, used 8684K [0x00000000e0000000, 0x00000000e8680000, 0x0000000100000000)
  eden space 94208K, 0% used [0x00000000e0000000,0x00000000e0000000,0x00000000e5c00000)
  from space 8704K, 99% used [0x00000000e5c00000,0x00000000e647b028,0x00000000e6480000)
  to   space 10240K, 0% used [0x00000000e7c80000,0x00000000e7c80000,0x00000000e8680000)
 ParOldGen       total 44032K, used 9892K [0x00000000a0000000, 0x00000000a2b00000, 0x00000000e0000000)
  object space 44032K, 22% used [0x00000000a0000000,0x00000000a09a90e8,0x00000000a2b00000)
 Metaspace       used 30742K, capacity 31442K, committed 31664K, reserved 1077248K
  class space    used 4279K, capacity 4490K, committed 4528K, reserved 1048576K
}

