# JRE version: OpenJDK Runtime Environment (8.0_202-b03) (build 1.8.0_202-release-1483-b03)
# Java VM: OpenJDK 64-Bit Server VM (25.202-b03 mixed mode windows-amd64 compressed oops)
Heap:
 PSYoungGen      total 101888K, used 35697K [0x00000000e0000000, 0x00000000e9180000, 0x0000000100000000)
  eden space 86016K, 23% used [0x00000000e0000000,0x00000000e135fae0,0x00000000e5400000)
  from space 15872K, 99% used [0x00000000e6800000,0x00000000e777cb68,0x00000000e7780000)
  to   space 20480K, 0% used [0x00000000e5400000,0x00000000e5400000,0x00000000e6800000)
 ParOldGen       total 97792K, used 43926K [0x00000000a0000000, 0x00000000a5f80000, 0x00000000e0000000)
  object space 97792K, 44% used [0x00000000a0000000,0x00000000a2ae58e8,0x00000000a5f80000)
 Metaspace       used 73907K, capacity 77196K, committed 77440K, reserved 1116160K
  class space    used 9456K, capacity 10110K, committed 10112K, reserved 1048576K
GC Heap History (10 events):
Event: 1185.071 GC heap before
{Heap before GC invocations=27 (full 3):
 PSYoungGen      total 97280K, used 87504K [0x00000000e0000000, 0x00000000e7d80000, 0x0000000100000000)
  eden space 83456K, 100% used [0x00000000e0000000,0x00000000e5180000,0x00000000e5180000)
  from space 13824K, 29% used [0x00000000e5180000,0x00000000e5574260,0x00000000e5f00000)
  to   space 13824K, 0% used [0x00000000e7000000,0x00000000e7000000,0x00000000e7d80000)
 ParOldGen       total 97792K, used 34440K [0x00000000a0000000, 0x00000000a5f80000, 0x00000000e0000000)
  object space 97792K, 35% used [0x00000000a0000000,0x00000000a21a2200,0x00000000a5f80000)
 Metaspace       used 63289K, capacity 65990K, committed 66048K, reserved 1105920K
  class space    used 8379K, capacity 8907K, committed 8960K, reserved 1048576K
Event: 1185.084 GC heap after
Heap after GC invocations=27 (full 3):
 PSYoungGen      total 110592K, used 675K [0x00000000e0000000, 0x00000000e7b80000, 0x0000000100000000)
  eden space 98816K, 0% used [0x00000000e0000000,0x00000000e0000000,0x00000000e6080000)
  from space 11776K, 5% used [0x00000000e7000000,0x00000000e70a8d50,0x00000000e7b80000)
  to   space 13824K, 0% used [0x00000000e6080000,0x00000000e6080000,0x00000000e6e00000)
 ParOldGen       total 97792K, used 38196K [0x00000000a0000000, 0x00000000a5f80000, 0x00000000e0000000)
  object space 97792K, 39% used [0x00000000a0000000,0x00000000a254d240,0x00000000a5f80000)
 Metaspace       used 63289K, capacity 65990K, committed 66048K, reserved 1105920K
  class space    used 8379K, capacity 8907K, committed 8960K, reserved 1048576K
}
Event: 1201.625 GC heap before
{Heap before GC invocations=28 (full 3):
 PSYoungGen      total 110592K, used 99491K [0x00000000e0000000, 0x00000000e7b80000, 0x0000000100000000)
  eden space 98816K, 100% used [0x00000000e0000000,0x00000000e6080000,0x00000000e6080000)
  from space 11776K, 5% used [0x00000000e7000000,0x00000000e70a8d50,0x00000000e7b80000)
  to   space 13824K, 0% used [0x00000000e6080000,0x00000000e6080000,0x00000000e6e00000)
 ParOldGen       total 97792K, used 38196K [0x00000000a0000000, 0x00000000a5f80000, 0x00000000e0000000)
  object space 97792K, 39% used [0x00000000a0000000,0x00000000a254d240,0x00000000a5f80000)
 Metaspace       used 63666K, capacity 66452K, committed 66688K, reserved 1107968K
  class space    used 8417K, capacity 8974K, committed 9088K, reserved 1048576K
Event: 1201.629 GC heap after
Heap after GC invocations=28 (full 3):
 PSYoungGen      total 97280K, used 1219K [0x00000000e0000000, 0x00000000e7880000, 0x0000000100000000)
  eden space 95744K, 0% used [0x00000000e0000000,0x00000000e0000000,0x00000000e5d80000)
  from space 1536K, 79% used [0x00000000e6080000,0x00000000e61b0d20,0x00000000e6200000)
  to   space 13824K, 0% used [0x00000000e6b00000,0x00000000e6b00000,0x00000000e7880000)
 ParOldGen       total 97792K, used 38204K [0x00000000a0000000, 0x00000000a5f80000, 0x00000000e0000000)
  object space 97792K, 39% used [0x00000000a0000000,0x00000000a254f240,0x00000000a5f80000)
 Metaspace       used 63666K, capacity 66452K, committed 66688K, reserved 1107968K
  class space    used 8417K, capacity 8974K, committed 9088K, reserved 1048576K
}
Event: 1212.001 GC heap before
{Heap before GC invocations=29 (full 3):
 PSYoungGen      total 97280K, used 96963K [0x00000000e0000000, 0x00000000e7880000, 0x0000000100000000)
  eden space 95744K, 100% used [0x00000000e0000000,0x00000000e5d80000,0x00000000e5d80000)
  from space 1536K, 79% used [0x00000000e6080000,0x00000000e61b0d20,0x00000000e6200000)
  to   space 13824K, 0% used [0x00000000e6b00000,0x00000000e6b00000,0x00000000e7880000)
 ParOldGen       total 97792K, used 38204K [0x00000000a0000000, 0x00000000a5f80000, 0x00000000e0000000)
  object space 97792K, 39% used [0x00000000a0000000,0x00000000a254f240,0x00000000a5f80000)
 Metaspace       used 69143K, capacity 72306K, committed 72448K, reserved 1112064K
  class space    used 8974K, capacity 9609K, committed 9728K, reserved 1048576K
Event: 1212.019 GC heap after
Heap after GC invocations=29 (full 3):
 PSYoungGen      total 106496K, used 9273K [0x00000000e0000000, 0x00000000e7800000, 0x0000000100000000)
  eden space 93184K, 0% used [0x00000000e0000000,0x00000000e0000000,0x00000000e5b00000)
  from space 13312K, 69% used [0x00000000e6b00000,0x00000000e740e7d0,0x00000000e7800000)
  to   space 14848K, 0% used [0x00000000e5b00000,0x00000000e5b00000,0x00000000e6980000)
 ParOldGen       total 97792K, used 38212K [0x00000000a0000000, 0x00000000a5f80000, 0x00000000e0000000)
  object space 97792K, 39% used [0x00000000a0000000,0x00000000a2551240,0x00000000a5f80000)
 Metaspace       used 69143K, capacity 72306K, committed 72448K, reserved 1112064K
  class space    used 8974K, capacity 9609K, committed 9728K, reserved 1048576K
}
Event: 1232.702 GC heap before
{Heap before GC invocations=30 (full 3):
 PSYoungGen      total 106496K, used 102457K [0x00000000e0000000, 0x00000000e7800000, 0x0000000100000000)
  eden space 93184K, 100% used [0x00000000e0000000,0x00000000e5b00000,0x00000000e5b00000)
  from space 13312K, 69% used [0x00000000e6b00000,0x00000000e740e7d0,0x00000000e7800000)
  to   space 14848K, 0% used [0x00000000e5b00000,0x00000000e5b00000,0x00000000e6980000)
 ParOldGen       total 97792K, used 38212K [0x00000000a0000000, 0x00000000a5f80000, 0x00000000e0000000)
  object space 97792K, 39% used [0x00000000a0000000,0x00000000a2551240,0x00000000a5f80000)
 Metaspace       used 70740K, capacity 73982K, committed 74112K, reserved 1114112K
  class space    used 9153K, capacity 9801K, committed 9856K, reserved 1048576K
Event: 1232.733 GC heap after
Heap after GC invocations=30 (full 3):
 PSYoungGen      total 102912K, used 11932K [0x00000000e0000000, 0x00000000e7780000, 0x0000000100000000)
  eden space 90624K, 0% used [0x00000000e0000000,0x00000000e0000000,0x00000000e5880000)
  from space 12288K, 97% used [0x00000000e5b00000,0x00000000e66a7310,0x00000000e6700000)
  to   space 15872K, 0% used [0x00000000e6800000,0x00000000e6800000,0x00000000e7780000)
 ParOldGen       total 97792K, used 38220K [0x00000000a0000000, 0x00000000a5f80000, 0x00000000e0000000)
  object space 97792K, 39% used [0x00000000a0000000,0x00000000a2553240,0x00000000a5f80000)
 Metaspace       used 70740K, capacity 73982K, committed 74112K, reserved 1114112K
  class space    used 9153K, capacity 9801K, committed 9856K, reserved 1048576K
}
Event: 1235.141 GC heap before
{Heap before GC invocations=31 (full 3):
 PSYoungGen      total 102912K, used 102556K [0x00000000e0000000, 0x00000000e7780000, 0x0000000100000000)
  eden space 90624K, 100% used [0x00000000e0000000,0x00000000e5880000,0x00000000e5880000)
  from space 12288K, 97% used [0x00000000e5b00000,0x00000000e66a7310,0x00000000e6700000)
  to   space 15872K, 0% used [0x00000000e6800000,0x00000000e6800000,0x00000000e7780000)
 ParOldGen       total 97792K, used 38220K [0x00000000a0000000, 0x00000000a5f80000, 0x00000000e0000000)
  object space 97792K, 39% used [0x00000000a0000000,0x00000000a2553240,0x00000000a5f80000)
 Metaspace       used 71443K, capacity 74686K, committed 74880K, reserved 1114112K
  class space    used 9208K, capacity 9849K, committed 9856K, reserved 1048576K
Event: 1235.216 GC heap after
Heap after GC invocations=31 (full 3):
 PSYoungGen      total 101888K, used 15858K [0x00000000e0000000, 0x00000000e9180000, 0x0000000100000000)
  eden space 86016K, 0% used [0x00000000e0000000,0x00000000e0000000,0x00000000e5400000)
  from space 15872K, 99% used [0x00000000e6800000,0x00000000e777cb68,0x00000000e7780000)
  to   space 20480K, 0% used [0x00000000e5400000,0x00000000e5400000,0x00000000e6800000)
 ParOldGen       total 97792K, used 43926K [0x00000000a0000000, 0x00000000a5f80000, 0x00000000e0000000)
  object space 97792K, 44% used [0x00000000a0000000,0x00000000a2ae58e8,0x00000000a5f80000)
 Metaspace       used 71443K, capacity 74686K, committed 74880K, reserved 1114112K
  class space    used 9208K, capacity 9849K, committed 9856K, reserved 1048576K
}

