# JRE version: OpenJDK Runtime Environment (8.0_202-b03) (build 1.8.0_202-release-1483-b03)
# Java VM: OpenJDK 64-Bit Server VM (25.202-b03 mixed mode windows-amd64 compressed oops)
Heap:
 PSYoungGen      total 126976K, used 89173K [0x00000000e0000000, 0x00000000e9b00000, 0x0000000100000000)
  eden space 117248K, 72% used [0x00000000e0000000,0x00000000e52ffba8,0x00000000e7280000)
  from space 9728K, 42% used [0x00000000e7c80000,0x00000000e8095990,0x00000000e8600000)
  to   space 10240K, 0% used [0x00000000e7280000,0x00000000e7280000,0x00000000e7c80000)
 ParOldGen       total 47616K, used 16164K [0x00000000a0000000, 0x00000000a2e80000, 0x00000000e0000000)
  object space 47616K, 33% used [0x00000000a0000000,0x00000000a0fc9390,0x00000000a2e80000)
 Metaspace       used 47199K, capacity 48776K, committed 48896K, reserved 1091584K
  class space    used 6269K, capacity 6585K, committed 6656K, reserved 1048576K
GC Heap History (10 events):
Event: 8.270 GC heap before
{Heap before GC invocations=12 (full 2):
 PSYoungGen      total 105472K, used 6677K [0x00000000e0000000, 0x00000000e7b00000, 0x0000000100000000)
  eden space 94720K, 0% used [0x00000000e0000000,0x00000000e0000000,0x00000000e5c80000)
  from space 10752K, 62% used [0x00000000e7080000,0x00000000e7705778,0x00000000e7b00000)
  to   space 9216K, 0% used [0x00000000e5c80000,0x00000000e5c80000,0x00000000e6580000)
 ParOldGen       total 47616K, used 13179K [0x00000000a0000000, 0x00000000a2e80000, 0x00000000e0000000)
  object space 47616K, 27% used [0x00000000a0000000,0x00000000a0cdeed0,0x00000000a2e80000)
 Metaspace       used 34478K, capacity 35364K, committed 35456K, reserved 1079296K
  class space    used 4701K, capacity 4925K, committed 4992K, reserved 1048576K
Event: 8.356 GC heap after
Heap after GC invocations=12 (full 2):
 PSYoungGen      total 105472K, used 0K [0x00000000e0000000, 0x00000000e7b00000, 0x0000000100000000)
  eden space 94720K, 0% used [0x00000000e0000000,0x00000000e0000000,0x00000000e5c80000)
  from space 10752K, 0% used [0x00000000e7080000,0x00000000e7080000,0x00000000e7b00000)
  to   space 9216K, 0% used [0x00000000e5c80000,0x00000000e5c80000,0x00000000e6580000)
 ParOldGen       total 47616K, used 16132K [0x00000000a0000000, 0x00000000a2e80000, 0x00000000e0000000)
  object space 47616K, 33% used [0x00000000a0000000,0x00000000a0fc1390,0x00000000a2e80000)
 Metaspace       used 34478K, capacity 35364K, committed 35456K, reserved 1079296K
  class space    used 4701K, capacity 4925K, committed 4992K, reserved 1048576K
}
Event: 11.228 GC heap before
{Heap before GC invocations=13 (full 2):
 PSYoungGen      total 105472K, used 94720K [0x00000000e0000000, 0x00000000e7b00000, 0x0000000100000000)
  eden space 94720K, 100% used [0x00000000e0000000,0x00000000e5c80000,0x00000000e5c80000)
  from space 10752K, 0% used [0x00000000e7080000,0x00000000e7080000,0x00000000e7b00000)
  to   space 9216K, 0% used [0x00000000e5c80000,0x00000000e5c80000,0x00000000e6580000)
 ParOldGen       total 47616K, used 16132K [0x00000000a0000000, 0x00000000a2e80000, 0x00000000e0000000)
  object space 47616K, 33% used [0x00000000a0000000,0x00000000a0fc1390,0x00000000a2e80000)
 Metaspace       used 37714K, capacity 38726K, committed 38912K, reserved 1083392K
  class space    used 5075K, capacity 5290K, committed 5376K, reserved 1048576K
Event: 11.235 GC heap after
Heap after GC invocations=13 (full 2):
 PSYoungGen      total 103936K, used 6204K [0x00000000e0000000, 0x00000000e8680000, 0x0000000100000000)
  eden space 94720K, 0% used [0x00000000e0000000,0x00000000e0000000,0x00000000e5c80000)
  from space 9216K, 67% used [0x00000000e5c80000,0x00000000e628f378,0x00000000e6580000)
  to   space 10240K, 0% used [0x00000000e7c80000,0x00000000e7c80000,0x00000000e8680000)
 ParOldGen       total 47616K, used 16140K [0x00000000a0000000, 0x00000000a2e80000, 0x00000000e0000000)
  object space 47616K, 33% used [0x00000000a0000000,0x00000000a0fc3390,0x00000000a2e80000)
 Metaspace       used 37714K, capacity 38726K, committed 38912K, reserved 1083392K
  class space    used 5075K, capacity 5290K, committed 5376K, reserved 1048576K
}
Event: 12.257 GC heap before
{Heap before GC invocations=14 (full 2):
 PSYoungGen      total 103936K, used 100924K [0x00000000e0000000, 0x00000000e8680000, 0x0000000100000000)
  eden space 94720K, 100% used [0x00000000e0000000,0x00000000e5c80000,0x00000000e5c80000)
  from space 9216K, 67% used [0x00000000e5c80000,0x00000000e628f378,0x00000000e6580000)
  to   space 10240K, 0% used [0x00000000e7c80000,0x00000000e7c80000,0x00000000e8680000)
 ParOldGen       total 47616K, used 16140K [0x00000000a0000000, 0x00000000a2e80000, 0x00000000e0000000)
  object space 47616K, 33% used [0x00000000a0000000,0x00000000a0fc3390,0x00000000a2e80000)
 Metaspace       used 37737K, capacity 38726K, committed 38912K, reserved 1083392K
  class space    used 5076K, capacity 5290K, committed 5376K, reserved 1048576K
Event: 12.267 GC heap after
Heap after GC invocations=14 (full 2):
 PSYoungGen      total 126464K, used 3168K [0x00000000e0000000, 0x00000000e8600000, 0x0000000100000000)
  eden space 116736K, 0% used [0x00000000e0000000,0x00000000e0000000,0x00000000e7200000)
  from space 9728K, 32% used [0x00000000e7c80000,0x00000000e7f98030,0x00000000e8600000)
  to   space 10240K, 0% used [0x00000000e7200000,0x00000000e7200000,0x00000000e7c00000)
 ParOldGen       total 47616K, used 16148K [0x00000000a0000000, 0x00000000a2e80000, 0x00000000e0000000)
  object space 47616K, 33% used [0x00000000a0000000,0x00000000a0fc5390,0x00000000a2e80000)
 Metaspace       used 37737K, capacity 38726K, committed 38912K, reserved 1083392K
  class space    used 5076K, capacity 5290K, committed 5376K, reserved 1048576K
}
Event: 13.151 GC heap before
{Heap before GC invocations=15 (full 2):
 PSYoungGen      total 126464K, used 119904K [0x00000000e0000000, 0x00000000e8600000, 0x0000000100000000)
  eden space 116736K, 100% used [0x00000000e0000000,0x00000000e7200000,0x00000000e7200000)
  from space 9728K, 32% used [0x00000000e7c80000,0x00000000e7f98030,0x00000000e8600000)
  to   space 10240K, 0% used [0x00000000e7200000,0x00000000e7200000,0x00000000e7c00000)
 ParOldGen       total 47616K, used 16148K [0x00000000a0000000, 0x00000000a2e80000, 0x00000000e0000000)
  object space 47616K, 33% used [0x00000000a0000000,0x00000000a0fc5390,0x00000000a2e80000)
 Metaspace       used 37737K, capacity 38726K, committed 38912K, reserved 1083392K
  class space    used 5076K, capacity 5290K, committed 5376K, reserved 1048576K
Event: 13.155 GC heap after
Heap after GC invocations=15 (full 2):
 PSYoungGen      total 126976K, used 2944K [0x00000000e0000000, 0x00000000e8600000, 0x0000000100000000)
  eden space 116736K, 0% used [0x00000000e0000000,0x00000000e0000000,0x00000000e7200000)
  from space 10240K, 28% used [0x00000000e7200000,0x00000000e74e0030,0x00000000e7c00000)
  to   space 9728K, 0% used [0x00000000e7c80000,0x00000000e7c80000,0x00000000e8600000)
 ParOldGen       total 47616K, used 16156K [0x00000000a0000000, 0x00000000a2e80000, 0x00000000e0000000)
  object space 47616K, 33% used [0x00000000a0000000,0x00000000a0fc7390,0x00000000a2e80000)
 Metaspace       used 37737K, capacity 38726K, committed 38912K, reserved 1083392K
  class space    used 5076K, capacity 5290K, committed 5376K, reserved 1048576K
}
Event: 14.512 GC heap before
{Heap before GC invocations=16 (full 2):
 PSYoungGen      total 126976K, used 119680K [0x00000000e0000000, 0x00000000e8600000, 0x0000000100000000)
  eden space 116736K, 100% used [0x00000000e0000000,0x00000000e7200000,0x00000000e7200000)
  from space 10240K, 28% used [0x00000000e7200000,0x00000000e74e0030,0x00000000e7c00000)
  to   space 9728K, 0% used [0x00000000e7c80000,0x00000000e7c80000,0x00000000e8600000)
 ParOldGen       total 47616K, used 16156K [0x00000000a0000000, 0x00000000a2e80000, 0x00000000e0000000)
  object space 47616K, 33% used [0x00000000a0000000,0x00000000a0fc7390,0x00000000a2e80000)
 Metaspace       used 38437K, capacity 39612K, committed 39808K, reserved 1083392K
  class space    used 5193K, capacity 5448K, committed 5504K, reserved 1048576K
Event: 14.519 GC heap after
Heap after GC invocations=16 (full 2):
 PSYoungGen      total 126976K, used 4182K [0x00000000e0000000, 0x00000000e9b00000, 0x0000000100000000)
  eden space 117248K, 0% used [0x00000000e0000000,0x00000000e0000000,0x00000000e7280000)
  from space 9728K, 42% used [0x00000000e7c80000,0x00000000e8095990,0x00000000e8600000)
  to   space 10240K, 0% used [0x00000000e7280000,0x00000000e7280000,0x00000000e7c80000)
 ParOldGen       total 47616K, used 16164K [0x00000000a0000000, 0x00000000a2e80000, 0x00000000e0000000)
  object space 47616K, 33% used [0x00000000a0000000,0x00000000a0fc9390,0x00000000a2e80000)
 Metaspace       used 38437K, capacity 39612K, committed 39808K, reserved 1083392K
  class space    used 5193K, capacity 5448K, committed 5504K, reserved 1048576K
}

