# JRE version: OpenJDK Runtime Environment (8.0_202-b03) (build 1.8.0_202-release-1483-b03)
# Java VM: OpenJDK 64-Bit Server VM (25.202-b03 mixed mode windows-amd64 compressed oops)
Heap:
 PSYoungGen      total 53248K, used 26558K [0x00000000e0000000, 0x00000000e6300000, 0x0000000100000000)
  eden space 49152K, 45% used [0x00000000e0000000,0x00000000e15f2a80,0x00000000e3000000)
  from space 4096K, 99% used [0x00000000e3000000,0x00000000e33fcf80,0x00000000e3400000)
  to   space 9728K, 0% used [0x00000000e5980000,0x00000000e5980000,0x00000000e6300000)
 ParOldGen       total 46080K, used 9134K [0x00000000a0000000, 0x00000000a2d00000, 0x00000000e0000000)
  object space 46080K, 19% used [0x00000000a0000000,0x00000000a08ebb20,0x00000000a2d00000)
 Metaspace       used 27104K, capacity 27620K, committed 27824K, reserved 1073152K
  class space    used 3804K, capacity 3967K, committed 4016K, reserved 1048576K
GC Heap History (10 events):
Event: 3.689 GC heap before
{Heap before GC invocations=4 (full 0):
 PSYoungGen      total 28672K, used 28656K [0x00000000e0000000, 0x00000000e3800000, 0x0000000100000000)
  eden space 24576K, 100% used [0x00000000e0000000,0x00000000e1800000,0x00000000e1800000)
  from space 4096K, 99% used [0x00000000e1800000,0x00000000e1bfc010,0x00000000e1c00000)
  to   space 4096K, 0% used [0x00000000e3400000,0x00000000e3400000,0x00000000e3800000)
 ParOldGen       total 65536K, used 1719K [0x00000000a0000000, 0x00000000a4000000, 0x00000000e0000000)
  object space 65536K, 2% used [0x00000000a0000000,0x00000000a01adf80,0x00000000a4000000)
 Metaspace       used 13825K, capacity 14140K, committed 14464K, reserved 1060864K
  class space    used 1941K, capacity 2094K, committed 2176K, reserved 1048576K
Event: 3.697 GC heap after
Heap after GC invocations=4 (full 0):
 PSYoungGen      total 53248K, used 4064K [0x00000000e0000000, 0x00000000e3800000, 0x0000000100000000)
  eden space 49152K, 0% used [0x00000000e0000000,0x00000000e0000000,0x00000000e3000000)
  from space 4096K, 99% used [0x00000000e3400000,0x00000000e37f8020,0x00000000e3800000)
  to   space 4096K, 0% used [0x00000000e3000000,0x00000000e3000000,0x00000000e3400000)
 ParOldGen       total 65536K, used 4011K [0x00000000a0000000, 0x00000000a4000000, 0x00000000e0000000)
  object space 65536K, 6% used [0x00000000a0000000,0x00000000a03eae78,0x00000000a4000000)
 Metaspace       used 13825K, capacity 14140K, committed 14464K, reserved 1060864K
  class space    used 1941K, capacity 2094K, committed 2176K, reserved 1048576K
}
Event: 4.849 GC heap before
{Heap before GC invocations=5 (full 0):
 PSYoungGen      total 53248K, used 53216K [0x00000000e0000000, 0x00000000e3800000, 0x0000000100000000)
  eden space 49152K, 100% used [0x00000000e0000000,0x00000000e3000000,0x00000000e3000000)
  from space 4096K, 99% used [0x00000000e3400000,0x00000000e37f8020,0x00000000e3800000)
  to   space 4096K, 0% used [0x00000000e3000000,0x00000000e3000000,0x00000000e3400000)
 ParOldGen       total 65536K, used 4011K [0x00000000a0000000, 0x00000000a4000000, 0x00000000e0000000)
  object space 65536K, 6% used [0x00000000a0000000,0x00000000a03eae78,0x00000000a4000000)
 Metaspace       used 18758K, capacity 19196K, committed 19328K, reserved 1064960K
  class space    used 2708K, capacity 2894K, committed 2944K, reserved 1048576K
Event: 4.860 GC heap after
Heap after GC invocations=5 (full 0):
 PSYoungGen      total 53248K, used 4080K [0x00000000e0000000, 0x00000000e3800000, 0x0000000100000000)
  eden space 49152K, 0% used [0x00000000e0000000,0x00000000e0000000,0x00000000e3000000)
  from space 4096K, 99% used [0x00000000e3000000,0x00000000e33fc040,0x00000000e3400000)
  to   space 4096K, 0% used [0x00000000e3400000,0x00000000e3400000,0x00000000e3800000)
 ParOldGen       total 65536K, used 10111K [0x00000000a0000000, 0x00000000a4000000, 0x00000000e0000000)
  object space 65536K, 15% used [0x00000000a0000000,0x00000000a09dff00,0x00000000a4000000)
 Metaspace       used 18758K, capacity 19196K, committed 19328K, reserved 1064960K
  class space    used 2708K, capacity 2894K, committed 2944K, reserved 1048576K
}
Event: 5.081 GC heap before
{Heap before GC invocations=6 (full 0):
 PSYoungGen      total 53248K, used 16836K [0x00000000e0000000, 0x00000000e3800000, 0x0000000100000000)
  eden space 49152K, 25% used [0x00000000e0000000,0x00000000e0c75200,0x00000000e3000000)
  from space 4096K, 99% used [0x00000000e3000000,0x00000000e33fc040,0x00000000e3400000)
  to   space 4096K, 0% used [0x00000000e3400000,0x00000000e3400000,0x00000000e3800000)
 ParOldGen       total 65536K, used 10111K [0x00000000a0000000, 0x00000000a4000000, 0x00000000e0000000)
  object space 65536K, 15% used [0x00000000a0000000,0x00000000a09dff00,0x00000000a4000000)
 Metaspace       used 20794K, capacity 21250K, committed 21296K, reserved 1067008K
  class space    used 2909K, capacity 3088K, committed 3120K, reserved 1048576K
Event: 5.091 GC heap after
Heap after GC invocations=6 (full 0):
 PSYoungGen      total 53248K, used 4064K [0x00000000e0000000, 0x00000000e3800000, 0x0000000100000000)
  eden space 49152K, 0% used [0x00000000e0000000,0x00000000e0000000,0x00000000e3000000)
  from space 4096K, 99% used [0x00000000e3400000,0x00000000e37f8030,0x00000000e3800000)
  to   space 4096K, 0% used [0x00000000e3000000,0x00000000e3000000,0x00000000e3400000)
 ParOldGen       total 65536K, used 12114K [0x00000000a0000000, 0x00000000a4000000, 0x00000000e0000000)
  object space 65536K, 18% used [0x00000000a0000000,0x00000000a0bd49f0,0x00000000a4000000)
 Metaspace       used 20794K, capacity 21250K, committed 21296K, reserved 1067008K
  class space    used 2909K, capacity 3088K, committed 3120K, reserved 1048576K
}
Event: 5.091 GC heap before
{Heap before GC invocations=7 (full 1):
 PSYoungGen      total 53248K, used 4064K [0x00000000e0000000, 0x00000000e3800000, 0x0000000100000000)
  eden space 49152K, 0% used [0x00000000e0000000,0x00000000e0000000,0x00000000e3000000)
  from space 4096K, 99% used [0x00000000e3400000,0x00000000e37f8030,0x00000000e3800000)
  to   space 4096K, 0% used [0x00000000e3000000,0x00000000e3000000,0x00000000e3400000)
 ParOldGen       total 65536K, used 12114K [0x00000000a0000000, 0x00000000a4000000, 0x00000000e0000000)
  object space 65536K, 18% used [0x00000000a0000000,0x00000000a0bd49f0,0x00000000a4000000)
 Metaspace       used 20794K, capacity 21250K, committed 21296K, reserved 1067008K
  class space    used 2909K, capacity 3088K, committed 3120K, reserved 1048576K
Event: 5.137 GC heap after
Heap after GC invocations=7 (full 1):
 PSYoungGen      total 53248K, used 0K [0x00000000e0000000, 0x00000000e3800000, 0x0000000100000000)
  eden space 49152K, 0% used [0x00000000e0000000,0x00000000e0000000,0x00000000e3000000)
  from space 4096K, 0% used [0x00000000e3400000,0x00000000e3400000,0x00000000e3800000)
  to   space 4096K, 0% used [0x00000000e3000000,0x00000000e3000000,0x00000000e3400000)
 ParOldGen       total 46080K, used 8170K [0x00000000a0000000, 0x00000000a2d00000, 0x00000000e0000000)
  object space 46080K, 17% used [0x00000000a0000000,0x00000000a07faa10,0x00000000a2d00000)
 Metaspace       used 20794K, capacity 21250K, committed 21296K, reserved 1067008K
  class space    used 2909K, capacity 3088K, committed 3120K, reserved 1048576K
}
Event: 5.807 GC heap before
{Heap before GC invocations=8 (full 1):
 PSYoungGen      total 53248K, used 49152K [0x00000000e0000000, 0x00000000e3800000, 0x0000000100000000)
  eden space 49152K, 100% used [0x00000000e0000000,0x00000000e3000000,0x00000000e3000000)
  from space 4096K, 0% used [0x00000000e3400000,0x00000000e3400000,0x00000000e3800000)
  to   space 4096K, 0% used [0x00000000e3000000,0x00000000e3000000,0x00000000e3400000)
 ParOldGen       total 46080K, used 8170K [0x00000000a0000000, 0x00000000a2d00000, 0x00000000e0000000)
  object space 46080K, 17% used [0x00000000a0000000,0x00000000a07faa10,0x00000000a2d00000)
 Metaspace       used 25716K, capacity 26150K, committed 26288K, reserved 1071104K
  class space    used 3578K, capacity 3738K, committed 3760K, reserved 1048576K
Event: 5.814 GC heap after
Heap after GC invocations=8 (full 1):
 PSYoungGen      total 53248K, used 4083K [0x00000000e0000000, 0x00000000e6300000, 0x0000000100000000)
  eden space 49152K, 0% used [0x00000000e0000000,0x00000000e0000000,0x00000000e3000000)
  from space 4096K, 99% used [0x00000000e3000000,0x00000000e33fcf80,0x00000000e3400000)
  to   space 9728K, 0% used [0x00000000e5980000,0x00000000e5980000,0x00000000e6300000)
 ParOldGen       total 46080K, used 9134K [0x00000000a0000000, 0x00000000a2d00000, 0x00000000e0000000)
  object space 46080K, 19% used [0x00000000a0000000,0x00000000a08ebb20,0x00000000a2d00000)
 Metaspace       used 25716K, capacity 26150K, committed 26288K, reserved 1071104K
  class space    used 3578K, capacity 3738K, committed 3760K, reserved 1048576K
}

