# JRE version: OpenJDK Runtime Environment (8.0_202-b03) (build 1.8.0_202-release-1483-b03)
# Java VM: OpenJDK 64-Bit Server VM (25.202-b03 mixed mode windows-amd64 compressed oops)
Heap:
 PSYoungGen      total 166400K, used 108416K [0x00000000e0000000, 0x00000000eb200000, 0x0000000100000000)
  eden space 156160K, 69% used [0x00000000e0000000,0x00000000e69e01c0,0x00000000e9880000)
  from space 10240K, 0% used [0x00000000ea480000,0x00000000ea480000,0x00000000eae80000)
  to   space 12288K, 0% used [0x00000000e9880000,0x00000000e9880000,0x00000000ea480000)
 ParOldGen       total 47104K, used 18162K [0x00000000a0000000, 0x00000000a2e00000, 0x00000000e0000000)
  object space 47104K, 38% used [0x00000000a0000000,0x00000000a11bc868,0x00000000a2e00000)
 Metaspace       used 42162K, capacity 43024K, committed 43312K, reserved 1087488K
  class space    used 5789K, capacity 6083K, committed 6192K, reserved 1048576K
GC Heap History (10 events):
Event: 5.648 GC heap before
{Heap before GC invocations=6 (full 0):
 PSYoungGen      total 52224K, used 15369K [0x00000000e0000000, 0x00000000e7000000, 0x0000000100000000)
  eden space 48128K, 23% used [0x00000000e0000000,0x00000000e0b08dd0,0x00000000e2f00000)
  from space 4096K, 99% used [0x00000000e2f00000,0x00000000e32f9750,0x00000000e3300000)
  to   space 9216K, 0% used [0x00000000e6700000,0x00000000e6700000,0x00000000e7000000)
 ParOldGen       total 65536K, used 10169K [0x00000000a0000000, 0x00000000a4000000, 0x00000000e0000000)
  object space 65536K, 15% used [0x00000000a0000000,0x00000000a09ee7e0,0x00000000a4000000)
 Metaspace       used 20799K, capacity 21238K, committed 21296K, reserved 1067008K
  class space    used 2898K, capacity 3085K, committed 3120K, reserved 1048576K
Event: 5.655 GC heap after
Heap after GC invocations=6 (full 0):
 PSYoungGen      total 104448K, used 5338K [0x00000000e0000000, 0x00000000e6f00000, 0x0000000100000000)
  eden space 96256K, 0% used [0x00000000e0000000,0x00000000e0000000,0x00000000e5e00000)
  from space 8192K, 65% used [0x00000000e6700000,0x00000000e6c36af0,0x00000000e6f00000)
  to   space 8704K, 0% used [0x00000000e5e00000,0x00000000e5e00000,0x00000000e6680000)
 ParOldGen       total 65536K, used 10177K [0x00000000a0000000, 0x00000000a4000000, 0x00000000e0000000)
  object space 65536K, 15% used [0x00000000a0000000,0x00000000a09f07e0,0x00000000a4000000)
 Metaspace       used 20799K, capacity 21238K, committed 21296K, reserved 1067008K
  class space    used 2898K, capacity 3085K, committed 3120K, reserved 1048576K
}
Event: 5.655 GC heap before
{Heap before GC invocations=7 (full 1):
 PSYoungGen      total 104448K, used 5338K [0x00000000e0000000, 0x00000000e6f00000, 0x0000000100000000)
  eden space 96256K, 0% used [0x00000000e0000000,0x00000000e0000000,0x00000000e5e00000)
  from space 8192K, 65% used [0x00000000e6700000,0x00000000e6c36af0,0x00000000e6f00000)
  to   space 8704K, 0% used [0x00000000e5e00000,0x00000000e5e00000,0x00000000e6680000)
 ParOldGen       total 65536K, used 10177K [0x00000000a0000000, 0x00000000a4000000, 0x00000000e0000000)
  object space 65536K, 15% used [0x00000000a0000000,0x00000000a09f07e0,0x00000000a4000000)
 Metaspace       used 20799K, capacity 21238K, committed 21296K, reserved 1067008K
  class space    used 2898K, capacity 3085K, committed 3120K, reserved 1048576K
Event: 5.699 GC heap after
Heap after GC invocations=7 (full 1):
 PSYoungGen      total 104448K, used 0K [0x00000000e0000000, 0x00000000e6f00000, 0x0000000100000000)
  eden space 96256K, 0% used [0x00000000e0000000,0x00000000e0000000,0x00000000e5e00000)
  from space 8192K, 0% used [0x00000000e6700000,0x00000000e6700000,0x00000000e6f00000)
  to   space 8704K, 0% used [0x00000000e5e00000,0x00000000e5e00000,0x00000000e6680000)
 ParOldGen       total 47104K, used 7977K [0x00000000a0000000, 0x00000000a2e00000, 0x00000000e0000000)
  object space 47104K, 16% used [0x00000000a0000000,0x00000000a07ca5b0,0x00000000a2e00000)
 Metaspace       used 20799K, capacity 21238K, committed 21296K, reserved 1067008K
  class space    used 2898K, capacity 3085K, committed 3120K, reserved 1048576K
}
Event: 7.591 GC heap before
{Heap before GC invocations=8 (full 1):
 PSYoungGen      total 104448K, used 96256K [0x00000000e0000000, 0x00000000e6f00000, 0x0000000100000000)
  eden space 96256K, 100% used [0x00000000e0000000,0x00000000e5e00000,0x00000000e5e00000)
  from space 8192K, 0% used [0x00000000e6700000,0x00000000e6700000,0x00000000e6f00000)
  to   space 8704K, 0% used [0x00000000e5e00000,0x00000000e5e00000,0x00000000e6680000)
 ParOldGen       total 47104K, used 7977K [0x00000000a0000000, 0x00000000a2e00000, 0x00000000e0000000)
  object space 47104K, 16% used [0x00000000a0000000,0x00000000a07ca5b0,0x00000000a2e00000)
 Metaspace       used 28948K, capacity 29392K, committed 29616K, reserved 1075200K
  class space    used 4014K, capacity 4195K, committed 4272K, reserved 1048576K
Event: 7.612 GC heap after
Heap after GC invocations=8 (full 1):
 PSYoungGen      total 104960K, used 8680K [0x00000000e0000000, 0x00000000eae80000, 0x0000000100000000)
  eden space 96256K, 0% used [0x00000000e0000000,0x00000000e0000000,0x00000000e5e00000)
  from space 8704K, 99% used [0x00000000e5e00000,0x00000000e667a210,0x00000000e6680000)
  to   space 10240K, 0% used [0x00000000ea480000,0x00000000ea480000,0x00000000eae80000)
 ParOldGen       total 47104K, used 8873K [0x00000000a0000000, 0x00000000a2e00000, 0x00000000e0000000)
  object space 47104K, 18% used [0x00000000a0000000,0x00000000a08aa518,0x00000000a2e00000)
 Metaspace       used 28948K, capacity 29392K, committed 29616K, reserved 1075200K
  class space    used 4014K, capacity 4195K, committed 4272K, reserved 1048576K
}
Event: 9.557 GC heap before
{Heap before GC invocations=9 (full 1):
 PSYoungGen      total 104960K, used 76455K [0x00000000e0000000, 0x00000000eae80000, 0x0000000100000000)
  eden space 96256K, 70% used [0x00000000e0000000,0x00000000e422fbc0,0x00000000e5e00000)
  from space 8704K, 99% used [0x00000000e5e00000,0x00000000e667a210,0x00000000e6680000)
  to   space 10240K, 0% used [0x00000000ea480000,0x00000000ea480000,0x00000000eae80000)
 ParOldGen       total 47104K, used 8873K [0x00000000a0000000, 0x00000000a2e00000, 0x00000000e0000000)
  object space 47104K, 18% used [0x00000000a0000000,0x00000000a08aa518,0x00000000a2e00000)
 Metaspace       used 34828K, capacity 35306K, committed 35496K, reserved 1079296K
  class space    used 4842K, capacity 5061K, committed 5168K, reserved 1048576K
Event: 9.583 GC heap after
Heap after GC invocations=9 (full 1):
 PSYoungGen      total 166400K, used 10236K [0x00000000e0000000, 0x00000000eb200000, 0x0000000100000000)
  eden space 156160K, 0% used [0x00000000e0000000,0x00000000e0000000,0x00000000e9880000)
  from space 10240K, 99% used [0x00000000ea480000,0x00000000eae7f050,0x00000000eae80000)
  to   space 12288K, 0% used [0x00000000e9880000,0x00000000e9880000,0x00000000ea480000)
 ParOldGen       total 47104K, used 10108K [0x00000000a0000000, 0x00000000a2e00000, 0x00000000e0000000)
  object space 47104K, 21% used [0x00000000a0000000,0x00000000a09df160,0x00000000a2e00000)
 Metaspace       used 34828K, capacity 35306K, committed 35496K, reserved 1079296K
  class space    used 4842K, capacity 5061K, committed 5168K, reserved 1048576K
}
Event: 9.583 GC heap before
{Heap before GC invocations=10 (full 2):
 PSYoungGen      total 166400K, used 10236K [0x00000000e0000000, 0x00000000eb200000, 0x0000000100000000)
  eden space 156160K, 0% used [0x00000000e0000000,0x00000000e0000000,0x00000000e9880000)
  from space 10240K, 99% used [0x00000000ea480000,0x00000000eae7f050,0x00000000eae80000)
  to   space 12288K, 0% used [0x00000000e9880000,0x00000000e9880000,0x00000000ea480000)
 ParOldGen       total 47104K, used 10108K [0x00000000a0000000, 0x00000000a2e00000, 0x00000000e0000000)
  object space 47104K, 21% used [0x00000000a0000000,0x00000000a09df160,0x00000000a2e00000)
 Metaspace       used 34828K, capacity 35306K, committed 35496K, reserved 1079296K
  class space    used 4842K, capacity 5061K, committed 5168K, reserved 1048576K
Event: 9.678 GC heap after
Heap after GC invocations=10 (full 2):
 PSYoungGen      total 166400K, used 0K [0x00000000e0000000, 0x00000000eb200000, 0x0000000100000000)
  eden space 156160K, 0% used [0x00000000e0000000,0x00000000e0000000,0x00000000e9880000)
  from space 10240K, 0% used [0x00000000ea480000,0x00000000ea480000,0x00000000eae80000)
  to   space 12288K, 0% used [0x00000000e9880000,0x00000000e9880000,0x00000000ea480000)
 ParOldGen       total 47104K, used 18162K [0x00000000a0000000, 0x00000000a2e00000, 0x00000000e0000000)
  object space 47104K, 38% used [0x00000000a0000000,0x00000000a11bc868,0x00000000a2e00000)
 Metaspace       used 34828K, capacity 35306K, committed 35496K, reserved 1079296K
  class space    used 4842K, capacity 5061K, committed 5168K, reserved 1048576K
}

