# JRE version: OpenJDK Runtime Environment (8.0_202-b03) (build 1.8.0_202-release-1483-b03)
# Java VM: OpenJDK 64-Bit Server VM (25.202-b03 mixed mode windows-amd64 compressed oops)
Heap:
 PSYoungGen      total 391168K, used 238765K [0x00000000e0000000, 0x00000000f9880000, 0x0000000100000000)
  eden space 372224K, 62% used [0x00000000e0000000,0x00000000ee4f0e28,0x00000000f6b80000)
  from space 18944K, 22% used [0x00000000f8600000,0x00000000f8a3a798,0x00000000f9880000)
  to   space 23040K, 0% used [0x00000000f6b80000,0x00000000f6b80000,0x00000000f8200000)
 ParOldGen       total 132096K, used 109316K [0x00000000a0000000, 0x00000000a8100000, 0x00000000e0000000)
  object space 132096K, 82% used [0x00000000a0000000,0x00000000a6ac1008,0x00000000a8100000)
 Metaspace       used 116278K, capacity 126924K, committed 127192K, reserved 1163264K
  class space    used 14894K, capacity 16588K, committed 16640K, reserved 1048576K
GC Heap History (10 events):
Event: 504.527 GC heap before
{Heap before GC invocations=48 (full 4):
 PSYoungGen      total 265216K, used 245370K [0x00000000e0000000, 0x00000000f4880000, 0x0000000100000000)
  eden space 236544K, 100% used [0x00000000e0000000,0x00000000ee700000,0x00000000ee700000)
  from space 28672K, 30% used [0x00000000ee700000,0x00000000eef9ebf0,0x00000000f0300000)
  to   space 27136K, 0% used [0x00000000f2e00000,0x00000000f2e00000,0x00000000f4880000)
 ParOldGen       total 132096K, used 89907K [0x00000000a0000000, 0x00000000a8100000, 0x00000000e0000000)
  object space 132096K, 68% used [0x00000000a0000000,0x00000000a57ccde8,0x00000000a8100000)
 Metaspace       used 107228K, capacity 114910K, committed 115160K, reserved 1148928K
  class space    used 13707K, capacity 15028K, committed 15104K, reserved 1048576K
Event: 504.548 GC heap after
Heap after GC invocations=48 (full 4):
 PSYoungGen      total 305152K, used 7398K [0x00000000e0000000, 0x00000000f4600000, 0x0000000100000000)
  eden space 280576K, 0% used [0x00000000e0000000,0x00000000e0000000,0x00000000f1200000)
  from space 24576K, 30% used [0x00000000f2e00000,0x00000000f3539a60,0x00000000f4600000)
  to   space 26624K, 0% used [0x00000000f1200000,0x00000000f1200000,0x00000000f2c00000)
 ParOldGen       total 132096K, used 93495K [0x00000000a0000000, 0x00000000a8100000, 0x00000000e0000000)
  object space 132096K, 70% used [0x00000000a0000000,0x00000000a5b4dfd8,0x00000000a8100000)
 Metaspace       used 107228K, capacity 114910K, committed 115160K, reserved 1148928K
  class space    used 13707K, capacity 15028K, committed 15104K, reserved 1048576K
}
Event: 618.273 GC heap before
{Heap before GC invocations=49 (full 4):
 PSYoungGen      total 305152K, used 287974K [0x00000000e0000000, 0x00000000f4600000, 0x0000000100000000)
  eden space 280576K, 100% used [0x00000000e0000000,0x00000000f1200000,0x00000000f1200000)
  from space 24576K, 30% used [0x00000000f2e00000,0x00000000f3539a60,0x00000000f4600000)
  to   space 26624K, 0% used [0x00000000f1200000,0x00000000f1200000,0x00000000f2c00000)
 ParOldGen       total 132096K, used 93495K [0x00000000a0000000, 0x00000000a8100000, 0x00000000e0000000)
  object space 132096K, 70% used [0x00000000a0000000,0x00000000a5b4dfd8,0x00000000a8100000)
 Metaspace       used 107945K, capacity 116256K, committed 116312K, reserved 1150976K
  class space    used 13816K, capacity 15188K, committed 15232K, reserved 1048576K
Event: 618.294 GC heap after
Heap after GC invocations=49 (full 4):
 PSYoungGen      total 307200K, used 9709K [0x00000000e0000000, 0x00000000f7300000, 0x0000000100000000)
  eden space 280576K, 0% used [0x00000000e0000000,0x00000000e0000000,0x00000000f1200000)
  from space 26624K, 36% used [0x00000000f1200000,0x00000000f1b7b4c0,0x00000000f2c00000)
  to   space 25088K, 0% used [0x00000000f5a80000,0x00000000f5a80000,0x00000000f7300000)
 ParOldGen       total 132096K, used 96824K [0x00000000a0000000, 0x00000000a8100000, 0x00000000e0000000)
  object space 132096K, 73% used [0x00000000a0000000,0x00000000a5e8e0e8,0x00000000a8100000)
 Metaspace       used 107945K, capacity 116256K, committed 116312K, reserved 1150976K
  class space    used 13816K, capacity 15188K, committed 15232K, reserved 1048576K
}
Event: 1821.730 GC heap before
{Heap before GC invocations=50 (full 4):
 PSYoungGen      total 307200K, used 290285K [0x00000000e0000000, 0x00000000f7300000, 0x0000000100000000)
  eden space 280576K, 100% used [0x00000000e0000000,0x00000000f1200000,0x00000000f1200000)
  from space 26624K, 36% used [0x00000000f1200000,0x00000000f1b7b4c0,0x00000000f2c00000)
  to   space 25088K, 0% used [0x00000000f5a80000,0x00000000f5a80000,0x00000000f7300000)
 ParOldGen       total 132096K, used 96824K [0x00000000a0000000, 0x00000000a8100000, 0x00000000e0000000)
  object space 132096K, 73% used [0x00000000a0000000,0x00000000a5e8e0e8,0x00000000a8100000)
 Metaspace       used 109150K, capacity 118896K, committed 119000K, reserved 1153024K
  class space    used 14031K, capacity 15565K, committed 15616K, reserved 1048576K
Event: 1821.769 GC heap after
Heap after GC invocations=50 (full 4):
 PSYoungGen      total 346624K, used 9570K [0x00000000e0000000, 0x00000000f6e00000, 0x0000000100000000)
  eden space 326656K, 0% used [0x00000000e0000000,0x00000000e0000000,0x00000000f3f00000)
  from space 19968K, 47% used [0x00000000f5a80000,0x00000000f63d88e0,0x00000000f6e00000)
  to   space 24064K, 0% used [0x00000000f3f00000,0x00000000f3f00000,0x00000000f5680000)
 ParOldGen       total 132096K, used 100517K [0x00000000a0000000, 0x00000000a8100000, 0x00000000e0000000)
  object space 132096K, 76% used [0x00000000a0000000,0x00000000a6229468,0x00000000a8100000)
 Metaspace       used 109150K, capacity 118896K, committed 119000K, reserved 1153024K
  class space    used 14031K, capacity 15565K, committed 15616K, reserved 1048576K
}
Event: 1871.278 GC heap before
{Heap before GC invocations=51 (full 4):
 PSYoungGen      total 346624K, used 336226K [0x00000000e0000000, 0x00000000f6e00000, 0x0000000100000000)
  eden space 326656K, 100% used [0x00000000e0000000,0x00000000f3f00000,0x00000000f3f00000)
  from space 19968K, 47% used [0x00000000f5a80000,0x00000000f63d88e0,0x00000000f6e00000)
  to   space 24064K, 0% used [0x00000000f3f00000,0x00000000f3f00000,0x00000000f5680000)
 ParOldGen       total 132096K, used 100517K [0x00000000a0000000, 0x00000000a8100000, 0x00000000e0000000)
  object space 132096K, 76% used [0x00000000a0000000,0x00000000a6229468,0x00000000a8100000)
 Metaspace       used 110798K, capacity 121130K, committed 121432K, reserved 1155072K
  class space    used 14253K, capacity 15913K, committed 16000K, reserved 1048576K
Event: 1871.299 GC heap after
Heap after GC invocations=51 (full 4):
 PSYoungGen      total 350720K, used 8257K [0x00000000e0000000, 0x00000000f9c80000, 0x0000000100000000)
  eden space 326656K, 0% used [0x00000000e0000000,0x00000000e0000000,0x00000000f3f00000)
  from space 24064K, 34% used [0x00000000f3f00000,0x00000000f47105b0,0x00000000f5680000)
  to   space 23040K, 0% used [0x00000000f8600000,0x00000000f8600000,0x00000000f9c80000)
 ParOldGen       total 132096K, used 103880K [0x00000000a0000000, 0x00000000a8100000, 0x00000000e0000000)
  object space 132096K, 78% used [0x00000000a0000000,0x00000000a65720a0,0x00000000a8100000)
 Metaspace       used 110798K, capacity 121130K, committed 121432K, reserved 1155072K
  class space    used 14253K, capacity 15913K, committed 16000K, reserved 1048576K
}
Event: 1886.881 GC heap before
{Heap before GC invocations=52 (full 4):
 PSYoungGen      total 350720K, used 334913K [0x00000000e0000000, 0x00000000f9c80000, 0x0000000100000000)
  eden space 326656K, 100% used [0x00000000e0000000,0x00000000f3f00000,0x00000000f3f00000)
  from space 24064K, 34% used [0x00000000f3f00000,0x00000000f47105b0,0x00000000f5680000)
  to   space 23040K, 0% used [0x00000000f8600000,0x00000000f8600000,0x00000000f9c80000)
 ParOldGen       total 132096K, used 103880K [0x00000000a0000000, 0x00000000a8100000, 0x00000000e0000000)
  object space 132096K, 78% used [0x00000000a0000000,0x00000000a65720a0,0x00000000a8100000)
 Metaspace       used 114089K, capacity 124516K, committed 124760K, reserved 1157120K
  class space    used 14588K, capacity 16212K, committed 16256K, reserved 1048576K
Event: 1886.906 GC heap after
Heap after GC invocations=52 (full 4):
 PSYoungGen      total 391168K, used 4329K [0x00000000e0000000, 0x00000000f9880000, 0x0000000100000000)
  eden space 372224K, 0% used [0x00000000e0000000,0x00000000e0000000,0x00000000f6b80000)
  from space 18944K, 22% used [0x00000000f8600000,0x00000000f8a3a798,0x00000000f9880000)
  to   space 23040K, 0% used [0x00000000f6b80000,0x00000000f6b80000,0x00000000f8200000)
 ParOldGen       total 132096K, used 109316K [0x00000000a0000000, 0x00000000a8100000, 0x00000000e0000000)
  object space 132096K, 82% used [0x00000000a0000000,0x00000000a6ac1008,0x00000000a8100000)
 Metaspace       used 114089K, capacity 124516K, committed 124760K, reserved 1157120K
  class space    used 14588K, capacity 16212K, committed 16256K, reserved 1048576K
}

