# JRE version: OpenJDK Runtime Environment (8.0_202-b03) (build 1.8.0_202-release-1483-b03)
# Java VM: OpenJDK 64-Bit Server VM (25.202-b03 mixed mode windows-amd64 compressed oops)
Heap:
 PSYoungGen      total 108032K, used 92332K [0x00000000e0000000, 0x00000000e7400000, 0x0000000100000000)
  eden space 98304K, 93% used [0x00000000e0000000,0x00000000e5a2b198,0x00000000e6000000)
  from space 9728K, 0% used [0x00000000e6a80000,0x00000000e6a80000,0x00000000e7400000)
  to   space 10240K, 0% used [0x00000000e6000000,0x00000000e6000000,0x00000000e6a00000)
 ParOldGen       total 45056K, used 7970K [0x00000000a0000000, 0x00000000a2c00000, 0x00000000e0000000)
  object space 45056K, 17% used [0x00000000a0000000,0x00000000a07c8910,0x00000000a2c00000)
 Metaspace       used 29837K, capacity 30306K, committed 30464K, reserved 1075200K
  class space    used 4079K, capacity 4262K, committed 4352K, reserved 1048576K
GC Heap History (10 events):
Event: 3.601 GC heap before
{Heap before GC invocations=3 (full 0):
 PSYoungGen      total 28672K, used 27538K [0x00000000e0000000, 0x00000000e3800000, 0x0000000100000000)
  eden space 24576K, 100% used [0x00000000e0000000,0x00000000e1800000,0x00000000e1800000)
  from space 4096K, 72% used [0x00000000e1c00000,0x00000000e1ee4858,0x00000000e2000000)
  to   space 4096K, 0% used [0x00000000e1800000,0x00000000e1800000,0x00000000e1c00000)
 ParOldGen       total 65536K, used 16K [0x00000000a0000000, 0x00000000a4000000, 0x00000000e0000000)
  object space 65536K, 0% used [0x00000000a0000000,0x00000000a0004000,0x00000000a4000000)
 Metaspace       used 12073K, capacity 12404K, committed 12544K, reserved 1060864K
  class space    used 1617K, capacity 1770K, committed 1792K, reserved 1048576K
Event: 3.611 GC heap after
Heap after GC invocations=3 (full 0):
 PSYoungGen      total 28672K, used 4073K [0x00000000e0000000, 0x00000000e3800000, 0x0000000100000000)
  eden space 24576K, 0% used [0x00000000e0000000,0x00000000e0000000,0x00000000e1800000)
  from space 4096K, 99% used [0x00000000e1800000,0x00000000e1bfa438,0x00000000e1c00000)
  to   space 4096K, 0% used [0x00000000e3400000,0x00000000e3400000,0x00000000e3800000)
 ParOldGen       total 65536K, used 1751K [0x00000000a0000000, 0x00000000a4000000, 0x00000000e0000000)
  object space 65536K, 2% used [0x00000000a0000000,0x00000000a01b5ce0,0x00000000a4000000)
 Metaspace       used 12073K, capacity 12404K, committed 12544K, reserved 1060864K
  class space    used 1617K, capacity 1770K, committed 1792K, reserved 1048576K
}
Event: 3.913 GC heap before
{Heap before GC invocations=4 (full 0):
 PSYoungGen      total 28672K, used 28649K [0x00000000e0000000, 0x00000000e3800000, 0x0000000100000000)
  eden space 24576K, 100% used [0x00000000e0000000,0x00000000e1800000,0x00000000e1800000)
  from space 4096K, 99% used [0x00000000e1800000,0x00000000e1bfa438,0x00000000e1c00000)
  to   space 4096K, 0% used [0x00000000e3400000,0x00000000e3400000,0x00000000e3800000)
 ParOldGen       total 65536K, used 1751K [0x00000000a0000000, 0x00000000a4000000, 0x00000000e0000000)
  object space 65536K, 2% used [0x00000000a0000000,0x00000000a01b5ce0,0x00000000a4000000)
 Metaspace       used 13803K, capacity 14142K, committed 14464K, reserved 1060864K
  class space    used 1940K, capacity 2095K, committed 2176K, reserved 1048576K
Event: 3.923 GC heap after
Heap after GC invocations=4 (full 0):
 PSYoungGen      total 53248K, used 4080K [0x00000000e0000000, 0x00000000e3800000, 0x0000000100000000)
  eden space 49152K, 0% used [0x00000000e0000000,0x00000000e0000000,0x00000000e3000000)
  from space 4096K, 99% used [0x00000000e3400000,0x00000000e37fc030,0x00000000e3800000)
  to   space 4096K, 0% used [0x00000000e3000000,0x00000000e3000000,0x00000000e3400000)
 ParOldGen       total 65536K, used 3990K [0x00000000a0000000, 0x00000000a4000000, 0x00000000e0000000)
  object space 65536K, 6% used [0x00000000a0000000,0x00000000a03e5868,0x00000000a4000000)
 Metaspace       used 13803K, capacity 14142K, committed 14464K, reserved 1060864K
  class space    used 1940K, capacity 2095K, committed 2176K, reserved 1048576K
}
Event: 6.300 GC heap before
{Heap before GC invocations=5 (full 0):
 PSYoungGen      total 53248K, used 53232K [0x00000000e0000000, 0x00000000e3800000, 0x0000000100000000)
  eden space 49152K, 100% used [0x00000000e0000000,0x00000000e3000000,0x00000000e3000000)
  from space 4096K, 99% used [0x00000000e3400000,0x00000000e37fc030,0x00000000e3800000)
  to   space 4096K, 0% used [0x00000000e3000000,0x00000000e3000000,0x00000000e3400000)
 ParOldGen       total 65536K, used 3990K [0x00000000a0000000, 0x00000000a4000000, 0x00000000e0000000)
  object space 65536K, 6% used [0x00000000a0000000,0x00000000a03e5868,0x00000000a4000000)
 Metaspace       used 18813K, capacity 19324K, committed 19584K, reserved 1067008K
  class space    used 2712K, capacity 2894K, committed 2944K, reserved 1048576K
Event: 6.313 GC heap after
Heap after GC invocations=5 (full 0):
 PSYoungGen      total 53248K, used 4080K [0x00000000e0000000, 0x00000000e7500000, 0x0000000100000000)
  eden space 49152K, 0% used [0x00000000e0000000,0x00000000e0000000,0x00000000e3000000)
  from space 4096K, 99% used [0x00000000e3000000,0x00000000e33fc040,0x00000000e3400000)
  to   space 10752K, 0% used [0x00000000e6a80000,0x00000000e6a80000,0x00000000e7500000)
 ParOldGen       total 65536K, used 10173K [0x00000000a0000000, 0x00000000a4000000, 0x00000000e0000000)
  object space 65536K, 15% used [0x00000000a0000000,0x00000000a09ef460,0x00000000a4000000)
 Metaspace       used 18813K, capacity 19324K, committed 19584K, reserved 1067008K
  class space    used 2712K, capacity 2894K, committed 2944K, reserved 1048576K
}
Event: 6.625 GC heap before
{Heap before GC invocations=6 (full 0):
 PSYoungGen      total 53248K, used 17513K [0x00000000e0000000, 0x00000000e7500000, 0x0000000100000000)
  eden space 49152K, 27% used [0x00000000e0000000,0x00000000e0d1e550,0x00000000e3000000)
  from space 4096K, 99% used [0x00000000e3000000,0x00000000e33fc040,0x00000000e3400000)
  to   space 10752K, 0% used [0x00000000e6a80000,0x00000000e6a80000,0x00000000e7500000)
 ParOldGen       total 65536K, used 10173K [0x00000000a0000000, 0x00000000a4000000, 0x00000000e0000000)
  object space 65536K, 15% used [0x00000000a0000000,0x00000000a09ef460,0x00000000a4000000)
 Metaspace       used 20674K, capacity 21154K, committed 21296K, reserved 1067008K
  class space    used 2932K, capacity 3119K, committed 3200K, reserved 1048576K
Event: 6.635 GC heap after
Heap after GC invocations=6 (full 0):
 PSYoungGen      total 108032K, used 5899K [0x00000000e0000000, 0x00000000e7400000, 0x0000000100000000)
  eden space 98304K, 0% used [0x00000000e0000000,0x00000000e0000000,0x00000000e6000000)
  from space 9728K, 60% used [0x00000000e6a80000,0x00000000e7042c40,0x00000000e7400000)
  to   space 10240K, 0% used [0x00000000e6000000,0x00000000e6000000,0x00000000e6a00000)
 ParOldGen       total 65536K, used 10181K [0x00000000a0000000, 0x00000000a4000000, 0x00000000e0000000)
  object space 65536K, 15% used [0x00000000a0000000,0x00000000a09f1460,0x00000000a4000000)
 Metaspace       used 20674K, capacity 21154K, committed 21296K, reserved 1067008K
  class space    used 2932K, capacity 3119K, committed 3200K, reserved 1048576K
}
Event: 6.635 GC heap before
{Heap before GC invocations=7 (full 1):
 PSYoungGen      total 108032K, used 5899K [0x00000000e0000000, 0x00000000e7400000, 0x0000000100000000)
  eden space 98304K, 0% used [0x00000000e0000000,0x00000000e0000000,0x00000000e6000000)
  from space 9728K, 60% used [0x00000000e6a80000,0x00000000e7042c40,0x00000000e7400000)
  to   space 10240K, 0% used [0x00000000e6000000,0x00000000e6000000,0x00000000e6a00000)
 ParOldGen       total 65536K, used 10181K [0x00000000a0000000, 0x00000000a4000000, 0x00000000e0000000)
  object space 65536K, 15% used [0x00000000a0000000,0x00000000a09f1460,0x00000000a4000000)
 Metaspace       used 20674K, capacity 21154K, committed 21296K, reserved 1067008K
  class space    used 2932K, capacity 3119K, committed 3200K, reserved 1048576K
Event: 6.675 GC heap after
Heap after GC invocations=7 (full 1):
 PSYoungGen      total 108032K, used 0K [0x00000000e0000000, 0x00000000e7400000, 0x0000000100000000)
  eden space 98304K, 0% used [0x00000000e0000000,0x00000000e0000000,0x00000000e6000000)
  from space 9728K, 0% used [0x00000000e6a80000,0x00000000e6a80000,0x00000000e7400000)
  to   space 10240K, 0% used [0x00000000e6000000,0x00000000e6000000,0x00000000e6a00000)
 ParOldGen       total 45056K, used 7970K [0x00000000a0000000, 0x00000000a2c00000, 0x00000000e0000000)
  object space 45056K, 17% used [0x00000000a0000000,0x00000000a07c8910,0x00000000a2c00000)
 Metaspace       used 20674K, capacity 21154K, committed 21296K, reserved 1067008K
  class space    used 2932K, capacity 3119K, committed 3200K, reserved 1048576K
}

